{"/Users/chiefbuilder/Documents/Projects/MCP_11252025_Reference/src/config.ts": {"path":"/Users/chiefbuilder/Documents/Projects/MCP_11252025_Reference/src/config.ts","all":true,"statementMap":{"0":{"start":{"line":1,"column":0},"end":{"line":1,"column":3}},"10":{"start":{"line":11,"column":0},"end":{"line":11,"column":41}},"13":{"start":{"line":14,"column":0},"end":{"line":14,"column":38}},"15":{"start":{"line":16,"column":0},"end":{"line":16,"column":38}},"16":{"start":{"line":17,"column":0},"end":{"line":17,"column":57}},"17":{"start":{"line":18,"column":0},"end":{"line":18,"column":38}},"18":{"start":{"line":19,"column":0},"end":{"line":19,"column":63}},"19":{"start":{"line":20,"column":0},"end":{"line":20,"column":44}},"20":{"start":{"line":21,"column":0},"end":{"line":21,"column":92}},"21":{"start":{"line":22,"column":0},"end":{"line":22,"column":77}},"22":{"start":{"line":23,"column":0},"end":{"line":23,"column":59}},"23":{"start":{"line":24,"column":0},"end":{"line":24,"column":60}},"24":{"start":{"line":25,"column":0},"end":{"line":25,"column":59}},"25":{"start":{"line":26,"column":0},"end":{"line":26,"column":36}},"26":{"start":{"line":27,"column":0},"end":{"line":27,"column":13}},"27":{"start":{"line":28,"column":0},"end":{"line":28,"column":92}},"28":{"start":{"line":29,"column":0},"end":{"line":29,"column":21}},"29":{"start":{"line":30,"column":0},"end":{"line":30,"column":10}},"30":{"start":{"line":31,"column":0},"end":{"line":31,"column":13}},"31":{"start":{"line":32,"column":0},"end":{"line":32,"column":36}},"32":{"start":{"line":33,"column":0},"end":{"line":33,"column":38}},"33":{"start":{"line":34,"column":0},"end":{"line":34,"column":38}},"34":{"start":{"line":35,"column":0},"end":{"line":35,"column":6}},"35":{"start":{"line":36,"column":0},"end":{"line":36,"column":17}},"36":{"start":{"line":37,"column":0},"end":{"line":37,"column":41}},"37":{"start":{"line":38,"column":0},"end":{"line":38,"column":38}},"38":{"start":{"line":39,"column":0},"end":{"line":39,"column":3}},"48":{"start":{"line":49,"column":0},"end":{"line":49,"column":82}},"49":{"start":{"line":50,"column":0},"end":{"line":50,"column":44}},"50":{"start":{"line":51,"column":0},"end":{"line":51,"column":24}},"51":{"start":{"line":52,"column":0},"end":{"line":52,"column":3}},"52":{"start":{"line":53,"column":0},"end":{"line":53,"column":57}},"53":{"start":{"line":54,"column":0},"end":{"line":54,"column":1}},"58":{"start":{"line":59,"column":0},"end":{"line":59,"column":70}},"59":{"start":{"line":60,"column":0},"end":{"line":60,"column":44}},"60":{"start":{"line":61,"column":0},"end":{"line":61,"column":21}},"61":{"start":{"line":62,"column":0},"end":{"line":62,"column":3}},"62":{"start":{"line":63,"column":0},"end":{"line":63,"column":37}},"63":{"start":{"line":64,"column":0},"end":{"line":64,"column":44}},"64":{"start":{"line":65,"column":0},"end":{"line":65,"column":1}},"69":{"start":{"line":70,"column":0},"end":{"line":70,"column":38}},"70":{"start":{"line":71,"column":0},"end":{"line":71,"column":21}},"71":{"start":{"line":72,"column":0},"end":{"line":72,"column":48}},"72":{"start":{"line":73,"column":0},"end":{"line":73,"column":47}},"73":{"start":{"line":74,"column":0},"end":{"line":74,"column":57}},"74":{"start":{"line":75,"column":0},"end":{"line":75,"column":74}},"75":{"start":{"line":76,"column":0},"end":{"line":76,"column":112}},"76":{"start":{"line":77,"column":0},"end":{"line":77,"column":65}},"77":{"start":{"line":78,"column":0},"end":{"line":78,"column":74}},"78":{"start":{"line":79,"column":0},"end":{"line":79,"column":76}},"79":{"start":{"line":80,"column":0},"end":{"line":80,"column":78}},"80":{"start":{"line":81,"column":0},"end":{"line":81,"column":57}},"81":{"start":{"line":82,"column":0},"end":{"line":82,"column":56}},"82":{"start":{"line":83,"column":0},"end":{"line":83,"column":12}},"83":{"start":{"line":84,"column":0},"end":{"line":84,"column":59}},"84":{"start":{"line":85,"column":0},"end":{"line":85,"column":63}},"85":{"start":{"line":86,"column":0},"end":{"line":86,"column":64}},"86":{"start":{"line":87,"column":0},"end":{"line":87,"column":6}},"87":{"start":{"line":88,"column":0},"end":{"line":88,"column":71}},"88":{"start":{"line":89,"column":0},"end":{"line":89,"column":74}},"89":{"start":{"line":90,"column":0},"end":{"line":90,"column":4}},"92":{"start":{"line":93,"column":0},"end":{"line":93,"column":42}},"93":{"start":{"line":94,"column":0},"end":{"line":94,"column":70}},"94":{"start":{"line":95,"column":0},"end":{"line":95,"column":4}},"97":{"start":{"line":98,"column":0},"end":{"line":98,"column":50}},"99":{"start":{"line":100,"column":0},"end":{"line":100,"column":70}},"100":{"start":{"line":101,"column":0},"end":{"line":101,"column":70}},"101":{"start":{"line":102,"column":0},"end":{"line":102,"column":85}},"102":{"start":{"line":103,"column":0},"end":{"line":103,"column":54}},"103":{"start":{"line":104,"column":0},"end":{"line":104,"column":82}},"104":{"start":{"line":105,"column":0},"end":{"line":105,"column":91}},"105":{"start":{"line":106,"column":0},"end":{"line":106,"column":106}},"106":{"start":{"line":107,"column":0},"end":{"line":107,"column":109}},"107":{"start":{"line":108,"column":0},"end":{"line":108,"column":112}},"108":{"start":{"line":109,"column":0},"end":{"line":109,"column":38}},"109":{"start":{"line":110,"column":0},"end":{"line":110,"column":82}},"110":{"start":{"line":111,"column":0},"end":{"line":111,"column":77}},"111":{"start":{"line":112,"column":0},"end":{"line":112,"column":103}},"112":{"start":{"line":113,"column":0},"end":{"line":113,"column":94}},"114":{"start":{"line":115,"column":0},"end":{"line":115,"column":41}},"115":{"start":{"line":116,"column":0},"end":{"line":116,"column":1}},"120":{"start":{"line":121,"column":0},"end":{"line":121,"column":33}},"126":{"start":{"line":127,"column":0},"end":{"line":127,"column":37}},"127":{"start":{"line":128,"column":0},"end":{"line":128,"column":16}},"128":{"start":{"line":129,"column":0},"end":{"line":129,"column":26}},"129":{"start":{"line":130,"column":0},"end":{"line":130,"column":3}},"130":{"start":{"line":131,"column":0},"end":{"line":131,"column":16}},"131":{"start":{"line":132,"column":0},"end":{"line":132,"column":1}},"136":{"start":{"line":137,"column":0},"end":{"line":137,"column":40}},"137":{"start":{"line":138,"column":0},"end":{"line":138,"column":24}},"138":{"start":{"line":139,"column":0},"end":{"line":139,"column":16}},"139":{"start":{"line":140,"column":0},"end":{"line":140,"column":1}},"144":{"start":{"line":145,"column":0},"end":{"line":145,"column":37}},"145":{"start":{"line":146,"column":0},"end":{"line":146,"column":16}},"146":{"start":{"line":147,"column":0},"end":{"line":147,"column":1}}},"s":{"0":0,"10":0,"13":0,"15":0,"16":0,"17":0,"18":0,"19":0,"20":0,"21":0,"22":0,"23":0,"24":0,"25":0,"26":0,"27":0,"28":0,"29":0,"30":0,"31":0,"32":0,"33":0,"34":0,"35":0,"36":0,"37":0,"38":0,"48":0,"49":0,"50":0,"51":0,"52":0,"53":0,"58":0,"59":0,"60":0,"61":0,"62":0,"63":0,"64":0,"69":0,"70":0,"71":0,"72":0,"73":0,"74":0,"75":0,"76":0,"77":0,"78":0,"79":0,"80":0,"81":0,"82":0,"83":0,"84":0,"85":0,"86":0,"87":0,"88":0,"89":0,"92":0,"93":0,"94":0,"97":0,"99":0,"100":0,"101":0,"102":0,"103":0,"104":0,"105":0,"106":0,"107":0,"108":0,"109":0,"110":0,"111":0,"112":0,"114":0,"115":0,"120":0,"126":0,"127":0,"128":0,"129":0,"130":0,"131":0,"136":0,"137":0,"138":0,"139":0,"144":0,"145":0,"146":0},"branchMap":{"0":{"type":"branch","line":1,"loc":{"start":{"line":1,"column":5270},"end":{"line":147,"column":1}},"locations":[{"start":{"line":1,"column":5270},"end":{"line":147,"column":1}}]}},"b":{"0":[0]},"fnMap":{"0":{"name":"(empty-report)","decl":{"start":{"line":1,"column":5270},"end":{"line":147,"column":1}},"loc":{"start":{"line":1,"column":5270},"end":{"line":147,"column":1}},"line":1}},"f":{"0":0}}
,"/Users/chiefbuilder/Documents/Projects/MCP_11252025_Reference/src/index.ts": {"path":"/Users/chiefbuilder/Documents/Projects/MCP_11252025_Reference/src/index.ts","all":true,"statementMap":{"0":{"start":{"line":1,"column":0},"end":{"line":1,"column":3}}},"s":{"0":0},"branchMap":{"0":{"type":"branch","line":1,"loc":{"start":{"line":1,"column":1459},"end":{"line":56,"column":42}},"locations":[{"start":{"line":1,"column":1459},"end":{"line":56,"column":42}}]}},"b":{"0":[0]},"fnMap":{"0":{"name":"(empty-report)","decl":{"start":{"line":1,"column":1459},"end":{"line":56,"column":42}},"loc":{"start":{"line":1,"column":1459},"end":{"line":56,"column":42}},"line":1}},"f":{"0":0}}
,"/Users/chiefbuilder/Documents/Projects/MCP_11252025_Reference/src/server.ts": {"path":"/Users/chiefbuilder/Documents/Projects/MCP_11252025_Reference/src/server.ts","all":true,"statementMap":{"77":{"start":{"line":78,"column":0},"end":{"line":78,"column":30}},"78":{"start":{"line":79,"column":0},"end":{"line":79,"column":37}},"79":{"start":{"line":80,"column":0},"end":{"line":80,"column":65}},"80":{"start":{"line":81,"column":0},"end":{"line":81,"column":81}},"81":{"start":{"line":82,"column":0},"end":{"line":82,"column":61}},"83":{"start":{"line":84,"column":0},"end":{"line":84,"column":40}},"84":{"start":{"line":85,"column":0},"end":{"line":85,"column":55}},"85":{"start":{"line":86,"column":0},"end":{"line":86,"column":51}},"88":{"start":{"line":89,"column":0},"end":{"line":89,"column":51}},"89":{"start":{"line":90,"column":0},"end":{"line":90,"column":50}},"91":{"start":{"line":92,"column":0},"end":{"line":92,"column":48}},"92":{"start":{"line":93,"column":0},"end":{"line":93,"column":39}},"93":{"start":{"line":94,"column":0},"end":{"line":94,"column":41}},"96":{"start":{"line":97,"column":0},"end":{"line":97,"column":38}},"97":{"start":{"line":98,"column":0},"end":{"line":98,"column":44}},"98":{"start":{"line":99,"column":0},"end":{"line":99,"column":6}},"99":{"start":{"line":100,"column":0},"end":{"line":100,"column":37}},"100":{"start":{"line":101,"column":0},"end":{"line":101,"column":43}},"101":{"start":{"line":102,"column":0},"end":{"line":102,"column":6}},"102":{"start":{"line":103,"column":0},"end":{"line":103,"column":3}},"115":{"start":{"line":116,"column":0},"end":{"line":116,"column":62}},"116":{"start":{"line":117,"column":0},"end":{"line":117,"column":28}},"117":{"start":{"line":118,"column":0},"end":{"line":118,"column":74}},"118":{"start":{"line":119,"column":0},"end":{"line":119,"column":5}},"119":{"start":{"line":120,"column":0},"end":{"line":120,"column":44}},"120":{"start":{"line":121,"column":0},"end":{"line":121,"column":3}},"127":{"start":{"line":128,"column":0},"end":{"line":128,"column":34}},"128":{"start":{"line":129,"column":0},"end":{"line":129,"column":38}},"129":{"start":{"line":130,"column":0},"end":{"line":130,"column":3}},"137":{"start":{"line":138,"column":0},"end":{"line":138,"column":41}},"138":{"start":{"line":139,"column":0},"end":{"line":139,"column":29}},"139":{"start":{"line":140,"column":0},"end":{"line":140,"column":43}},"140":{"start":{"line":141,"column":0},"end":{"line":141,"column":5}},"142":{"start":{"line":143,"column":0},"end":{"line":143,"column":3}},"149":{"start":{"line":150,"column":0},"end":{"line":150,"column":44}},"150":{"start":{"line":151,"column":0},"end":{"line":151,"column":44}},"151":{"start":{"line":152,"column":0},"end":{"line":152,"column":3}},"156":{"start":{"line":157,"column":0},"end":{"line":157,"column":30}},"157":{"start":{"line":158,"column":0},"end":{"line":158,"column":38}},"158":{"start":{"line":159,"column":0},"end":{"line":159,"column":3}},"163":{"start":{"line":164,"column":0},"end":{"line":164,"column":29}},"164":{"start":{"line":165,"column":0},"end":{"line":165,"column":29}},"165":{"start":{"line":166,"column":0},"end":{"line":166,"column":3}},"171":{"start":{"line":172,"column":0},"end":{"line":172,"column":33}},"172":{"start":{"line":173,"column":0},"end":{"line":173,"column":39}},"173":{"start":{"line":174,"column":0},"end":{"line":174,"column":13}},"174":{"start":{"line":175,"column":0},"end":{"line":175,"column":5}},"176":{"start":{"line":177,"column":0},"end":{"line":177,"column":52}},"177":{"start":{"line":178,"column":0},"end":{"line":178,"column":50}},"178":{"start":{"line":179,"column":0},"end":{"line":179,"column":40}},"179":{"start":{"line":180,"column":0},"end":{"line":180,"column":3}},"185":{"start":{"line":186,"column":0},"end":{"line":186,"column":32}},"186":{"start":{"line":187,"column":0},"end":{"line":187,"column":40}},"187":{"start":{"line":188,"column":0},"end":{"line":188,"column":13}},"188":{"start":{"line":189,"column":0},"end":{"line":189,"column":5}},"190":{"start":{"line":191,"column":0},"end":{"line":191,"column":64}},"191":{"start":{"line":192,"column":0},"end":{"line":192,"column":62}},"192":{"start":{"line":193,"column":0},"end":{"line":193,"column":41}},"193":{"start":{"line":194,"column":0},"end":{"line":194,"column":3}},"207":{"start":{"line":208,"column":0},"end":{"line":208,"column":68}},"209":{"start":{"line":210,"column":0},"end":{"line":210,"column":31}},"210":{"start":{"line":211,"column":0},"end":{"line":211,"column":34}},"211":{"start":{"line":212,"column":0},"end":{"line":212,"column":5}},"213":{"start":{"line":214,"column":0},"end":{"line":214,"column":29}},"215":{"start":{"line":216,"column":0},"end":{"line":216,"column":56}},"217":{"start":{"line":218,"column":0},"end":{"line":218,"column":9}},"218":{"start":{"line":219,"column":0},"end":{"line":219,"column":33}},"219":{"start":{"line":220,"column":0},"end":{"line":220,"column":15}},"221":{"start":{"line":222,"column":0},"end":{"line":222,"column":34}},"222":{"start":{"line":223,"column":0},"end":{"line":223,"column":5}},"223":{"start":{"line":224,"column":0},"end":{"line":224,"column":3}},"232":{"start":{"line":233,"column":0},"end":{"line":233,"column":64}},"233":{"start":{"line":234,"column":0},"end":{"line":234,"column":91}},"236":{"start":{"line":237,"column":0},"end":{"line":237,"column":41}},"239":{"start":{"line":240,"column":0},"end":{"line":240,"column":36}},"242":{"start":{"line":243,"column":0},"end":{"line":243,"column":26}},"243":{"start":{"line":244,"column":0},"end":{"line":244,"column":11}},"244":{"start":{"line":245,"column":0},"end":{"line":245,"column":32}},"245":{"start":{"line":246,"column":0},"end":{"line":246,"column":23}},"246":{"start":{"line":247,"column":0},"end":{"line":247,"column":80}},"247":{"start":{"line":248,"column":0},"end":{"line":248,"column":7}},"248":{"start":{"line":249,"column":0},"end":{"line":249,"column":5}},"250":{"start":{"line":251,"column":0},"end":{"line":251,"column":57}},"251":{"start":{"line":252,"column":0},"end":{"line":252,"column":3}},"256":{"start":{"line":257,"column":0},"end":{"line":257,"column":58}},"257":{"start":{"line":258,"column":0},"end":{"line":258,"column":43}},"258":{"start":{"line":259,"column":0},"end":{"line":259,"column":63}},"259":{"start":{"line":260,"column":0},"end":{"line":260,"column":13}},"260":{"start":{"line":261,"column":0},"end":{"line":261,"column":5}},"262":{"start":{"line":263,"column":0},"end":{"line":263,"column":103}},"264":{"start":{"line":265,"column":0},"end":{"line":265,"column":33}},"266":{"start":{"line":267,"column":0},"end":{"line":267,"column":43}},"267":{"start":{"line":268,"column":0},"end":{"line":268,"column":47}},"268":{"start":{"line":269,"column":0},"end":{"line":269,"column":47}},"270":{"start":{"line":271,"column":0},"end":{"line":271,"column":47}},"271":{"start":{"line":272,"column":0},"end":{"line":272,"column":39}},"272":{"start":{"line":273,"column":0},"end":{"line":273,"column":78}},"273":{"start":{"line":274,"column":0},"end":{"line":274,"column":20}},"274":{"start":{"line":275,"column":0},"end":{"line":275,"column":17}},"275":{"start":{"line":276,"column":0},"end":{"line":276,"column":9}},"277":{"start":{"line":278,"column":0},"end":{"line":278,"column":40}},"278":{"start":{"line":279,"column":0},"end":{"line":279,"column":39}},"279":{"start":{"line":280,"column":0},"end":{"line":280,"column":24}},"280":{"start":{"line":281,"column":0},"end":{"line":281,"column":74}},"281":{"start":{"line":282,"column":0},"end":{"line":282,"column":83}},"282":{"start":{"line":283,"column":0},"end":{"line":283,"column":12}},"283":{"start":{"line":284,"column":0},"end":{"line":284,"column":20}},"284":{"start":{"line":285,"column":0},"end":{"line":285,"column":17}},"285":{"start":{"line":286,"column":0},"end":{"line":286,"column":9}},"286":{"start":{"line":287,"column":0},"end":{"line":287,"column":35}},"287":{"start":{"line":288,"column":0},"end":{"line":288,"column":7}},"288":{"start":{"line":289,"column":0},"end":{"line":289,"column":3}},"293":{"start":{"line":294,"column":0},"end":{"line":294,"column":53}},"294":{"start":{"line":295,"column":0},"end":{"line":295,"column":96}},"296":{"start":{"line":297,"column":0},"end":{"line":297,"column":57}},"297":{"start":{"line":298,"column":0},"end":{"line":298,"column":11}},"298":{"start":{"line":299,"column":0},"end":{"line":299,"column":64}},"299":{"start":{"line":300,"column":0},"end":{"line":300,"column":24}},"300":{"start":{"line":301,"column":0},"end":{"line":301,"column":23}},"301":{"start":{"line":302,"column":0},"end":{"line":302,"column":77}},"303":{"start":{"line":304,"column":0},"end":{"line":304,"column":7}},"304":{"start":{"line":305,"column":0},"end":{"line":305,"column":5}},"305":{"start":{"line":306,"column":0},"end":{"line":306,"column":3}},"306":{"start":{"line":307,"column":0},"end":{"line":307,"column":1}},"330":{"start":{"line":331,"column":0},"end":{"line":331,"column":24}},"331":{"start":{"line":332,"column":0},"end":{"line":332,"column":46}},"332":{"start":{"line":333,"column":0},"end":{"line":333,"column":66}},"333":{"start":{"line":334,"column":0},"end":{"line":334,"column":62}},"334":{"start":{"line":335,"column":0},"end":{"line":335,"column":60}},"335":{"start":{"line":336,"column":0},"end":{"line":336,"column":66}},"336":{"start":{"line":337,"column":0},"end":{"line":337,"column":68}},"338":{"start":{"line":339,"column":0},"end":{"line":339,"column":57}},"339":{"start":{"line":340,"column":0},"end":{"line":340,"column":33}},"340":{"start":{"line":341,"column":0},"end":{"line":341,"column":35}},"342":{"start":{"line":343,"column":0},"end":{"line":343,"column":43}},"343":{"start":{"line":344,"column":0},"end":{"line":344,"column":34}},"344":{"start":{"line":345,"column":0},"end":{"line":345,"column":54}},"345":{"start":{"line":346,"column":0},"end":{"line":346,"column":50}},"346":{"start":{"line":347,"column":0},"end":{"line":347,"column":48}},"347":{"start":{"line":348,"column":0},"end":{"line":348,"column":54}},"348":{"start":{"line":349,"column":0},"end":{"line":349,"column":56}},"349":{"start":{"line":350,"column":0},"end":{"line":350,"column":3}},"356":{"start":{"line":357,"column":0},"end":{"line":357,"column":32}},"357":{"start":{"line":358,"column":0},"end":{"line":358,"column":23}},"358":{"start":{"line":359,"column":0},"end":{"line":359,"column":13}},"359":{"start":{"line":360,"column":0},"end":{"line":360,"column":5}},"362":{"start":{"line":363,"column":0},"end":{"line":363,"column":62}},"363":{"start":{"line":364,"column":0},"end":{"line":364,"column":48}},"364":{"start":{"line":365,"column":0},"end":{"line":365,"column":16}},"365":{"start":{"line":366,"column":0},"end":{"line":366,"column":31}},"367":{"start":{"line":368,"column":0},"end":{"line":368,"column":8}},"368":{"start":{"line":369,"column":0},"end":{"line":369,"column":7}},"371":{"start":{"line":372,"column":0},"end":{"line":372,"column":35}},"374":{"start":{"line":375,"column":0},"end":{"line":375,"column":49}},"377":{"start":{"line":378,"column":0},"end":{"line":378,"column":30}},"378":{"start":{"line":379,"column":0},"end":{"line":379,"column":34}},"379":{"start":{"line":380,"column":0},"end":{"line":380,"column":5}},"381":{"start":{"line":382,"column":0},"end":{"line":382,"column":29}},"382":{"start":{"line":383,"column":0},"end":{"line":383,"column":39}},"383":{"start":{"line":384,"column":0},"end":{"line":384,"column":5}},"386":{"start":{"line":387,"column":0},"end":{"line":387,"column":32}},"387":{"start":{"line":388,"column":0},"end":{"line":388,"column":42}},"388":{"start":{"line":389,"column":0},"end":{"line":389,"column":5}},"390":{"start":{"line":391,"column":0},"end":{"line":391,"column":24}},"391":{"start":{"line":392,"column":0},"end":{"line":392,"column":22}},"392":{"start":{"line":393,"column":0},"end":{"line":393,"column":3}},"397":{"start":{"line":398,"column":0},"end":{"line":398,"column":31}},"398":{"start":{"line":399,"column":0},"end":{"line":399,"column":31}},"399":{"start":{"line":400,"column":0},"end":{"line":400,"column":58}},"400":{"start":{"line":401,"column":0},"end":{"line":401,"column":5}},"401":{"start":{"line":402,"column":0},"end":{"line":402,"column":3}},"407":{"start":{"line":408,"column":0},"end":{"line":408,"column":22}},"408":{"start":{"line":409,"column":0},"end":{"line":409,"column":49}},"409":{"start":{"line":410,"column":0},"end":{"line":410,"column":19}},"410":{"start":{"line":411,"column":0},"end":{"line":411,"column":5}},"411":{"start":{"line":412,"column":0},"end":{"line":412,"column":22}},"412":{"start":{"line":413,"column":0},"end":{"line":413,"column":3}},"418":{"start":{"line":419,"column":0},"end":{"line":419,"column":24}},"419":{"start":{"line":420,"column":0},"end":{"line":420,"column":24}},"420":{"start":{"line":421,"column":0},"end":{"line":421,"column":3}},"425":{"start":{"line":426,"column":0},"end":{"line":426,"column":48}},"426":{"start":{"line":427,"column":0},"end":{"line":427,"column":32}},"427":{"start":{"line":428,"column":0},"end":{"line":428,"column":3}},"432":{"start":{"line":433,"column":0},"end":{"line":433,"column":41}},"433":{"start":{"line":434,"column":0},"end":{"line":434,"column":50}},"434":{"start":{"line":435,"column":0},"end":{"line":435,"column":3}},"439":{"start":{"line":440,"column":0},"end":{"line":440,"column":44}},"440":{"start":{"line":441,"column":0},"end":{"line":441,"column":53}},"441":{"start":{"line":442,"column":0},"end":{"line":442,"column":3}},"446":{"start":{"line":447,"column":0},"end":{"line":447,"column":34}},"447":{"start":{"line":448,"column":0},"end":{"line":448,"column":65}},"448":{"start":{"line":449,"column":0},"end":{"line":449,"column":3}},"457":{"start":{"line":458,"column":0},"end":{"line":458,"column":43}},"458":{"start":{"line":459,"column":0},"end":{"line":459,"column":32}},"459":{"start":{"line":460,"column":0},"end":{"line":460,"column":13}},"460":{"start":{"line":461,"column":0},"end":{"line":461,"column":5}},"463":{"start":{"line":464,"column":0},"end":{"line":464,"column":32}},"464":{"start":{"line":465,"column":0},"end":{"line":465,"column":62}},"465":{"start":{"line":466,"column":0},"end":{"line":466,"column":50}},"466":{"start":{"line":467,"column":0},"end":{"line":467,"column":9}},"467":{"start":{"line":468,"column":0},"end":{"line":468,"column":5}},"470":{"start":{"line":471,"column":0},"end":{"line":471,"column":29}},"471":{"start":{"line":472,"column":0},"end":{"line":472,"column":57}},"472":{"start":{"line":473,"column":0},"end":{"line":473,"column":42}},"473":{"start":{"line":474,"column":0},"end":{"line":474,"column":9}},"474":{"start":{"line":475,"column":0},"end":{"line":475,"column":5}},"477":{"start":{"line":478,"column":0},"end":{"line":478,"column":30}},"478":{"start":{"line":479,"column":0},"end":{"line":479,"column":58}},"479":{"start":{"line":480,"column":0},"end":{"line":480,"column":43}},"480":{"start":{"line":481,"column":0},"end":{"line":481,"column":9}},"481":{"start":{"line":482,"column":0},"end":{"line":482,"column":5}},"484":{"start":{"line":485,"column":0},"end":{"line":485,"column":33}},"485":{"start":{"line":486,"column":0},"end":{"line":486,"column":63}},"486":{"start":{"line":487,"column":0},"end":{"line":487,"column":49}},"487":{"start":{"line":488,"column":0},"end":{"line":488,"column":9}},"488":{"start":{"line":489,"column":0},"end":{"line":489,"column":5}},"491":{"start":{"line":492,"column":0},"end":{"line":492,"column":32}},"492":{"start":{"line":493,"column":0},"end":{"line":493,"column":62}},"493":{"start":{"line":494,"column":0},"end":{"line":494,"column":48}},"494":{"start":{"line":495,"column":0},"end":{"line":495,"column":9}},"495":{"start":{"line":496,"column":0},"end":{"line":496,"column":5}},"498":{"start":{"line":499,"column":0},"end":{"line":499,"column":60}},"499":{"start":{"line":500,"column":0},"end":{"line":500,"column":25}},"500":{"start":{"line":501,"column":0},"end":{"line":501,"column":7}},"501":{"start":{"line":502,"column":0},"end":{"line":502,"column":3}},"502":{"start":{"line":503,"column":0},"end":{"line":503,"column":1}},"511":{"start":{"line":512,"column":0},"end":{"line":512,"column":99}},"512":{"start":{"line":513,"column":0},"end":{"line":513,"column":50}},"513":{"start":{"line":514,"column":0},"end":{"line":514,"column":43}},"514":{"start":{"line":515,"column":0},"end":{"line":515,"column":4}},"515":{"start":{"line":516,"column":0},"end":{"line":516,"column":28}},"516":{"start":{"line":517,"column":0},"end":{"line":517,"column":51}},"517":{"start":{"line":518,"column":0},"end":{"line":518,"column":3}},"518":{"start":{"line":519,"column":0},"end":{"line":519,"column":45}},"519":{"start":{"line":520,"column":0},"end":{"line":520,"column":1}}},"s":{"77":0,"78":0,"79":0,"80":0,"81":0,"83":0,"84":0,"85":0,"88":0,"89":0,"91":0,"92":0,"93":0,"96":0,"97":0,"98":0,"99":0,"100":0,"101":0,"102":0,"115":0,"116":0,"117":0,"118":0,"119":0,"120":0,"127":0,"128":0,"129":0,"137":0,"138":0,"139":0,"140":0,"142":0,"149":0,"150":0,"151":0,"156":0,"157":0,"158":0,"163":0,"164":0,"165":0,"171":0,"172":0,"173":0,"174":0,"176":0,"177":0,"178":0,"179":0,"185":0,"186":0,"187":0,"188":0,"190":0,"191":0,"192":0,"193":0,"207":0,"209":0,"210":0,"211":0,"213":0,"215":0,"217":0,"218":0,"219":0,"221":0,"222":0,"223":0,"232":0,"233":0,"236":0,"239":0,"242":0,"243":0,"244":0,"245":0,"246":0,"247":0,"248":0,"250":0,"251":0,"256":0,"257":0,"258":0,"259":0,"260":0,"262":0,"264":0,"266":0,"267":0,"268":0,"270":0,"271":0,"272":0,"273":0,"274":0,"275":0,"277":0,"278":0,"279":0,"280":0,"281":0,"282":0,"283":0,"284":0,"285":0,"286":0,"287":0,"288":0,"293":0,"294":0,"296":0,"297":0,"298":0,"299":0,"300":0,"301":0,"303":0,"304":0,"305":0,"306":0,"330":0,"331":0,"332":0,"333":0,"334":0,"335":0,"336":0,"338":0,"339":0,"340":0,"342":0,"343":0,"344":0,"345":0,"346":0,"347":0,"348":0,"349":0,"356":0,"357":0,"358":0,"359":0,"362":0,"363":0,"364":0,"365":0,"367":0,"368":0,"371":0,"374":0,"377":0,"378":0,"379":0,"381":0,"382":0,"383":0,"386":0,"387":0,"388":0,"390":0,"391":0,"392":0,"397":0,"398":0,"399":0,"400":0,"401":0,"407":0,"408":0,"409":0,"410":0,"411":0,"412":0,"418":0,"419":0,"420":0,"425":0,"426":0,"427":0,"432":0,"433":0,"434":0,"439":0,"440":0,"441":0,"446":0,"447":0,"448":0,"457":0,"458":0,"459":0,"460":0,"463":0,"464":0,"465":0,"466":0,"467":0,"470":0,"471":0,"472":0,"473":0,"474":0,"477":0,"478":0,"479":0,"480":0,"481":0,"484":0,"485":0,"486":0,"487":0,"488":0,"491":0,"492":0,"493":0,"494":0,"495":0,"498":0,"499":0,"500":0,"501":0,"502":0,"511":0,"512":0,"513":0,"514":0,"515":0,"516":0,"517":0,"518":0,"519":0},"branchMap":{"0":{"type":"branch","line":1,"loc":{"start":{"line":1,"column":14524},"end":{"line":520,"column":1}},"locations":[{"start":{"line":1,"column":14524},"end":{"line":520,"column":1}}]}},"b":{"0":[1]},"fnMap":{"0":{"name":"(empty-report)","decl":{"start":{"line":1,"column":14524},"end":{"line":520,"column":1}},"loc":{"start":{"line":1,"column":14524},"end":{"line":520,"column":1}},"line":1}},"f":{"0":1}}
,"/Users/chiefbuilder/Documents/Projects/MCP_11252025_Reference/src/auth/discovery.ts": {"path":"/Users/chiefbuilder/Documents/Projects/MCP_11252025_Reference/src/auth/discovery.ts","all":true,"statementMap":{"0":{"start":{"line":1,"column":0},"end":{"line":1,"column":3}},"88":{"start":{"line":89,"column":0},"end":{"line":89,"column":81}},"89":{"start":{"line":90,"column":0},"end":{"line":90,"column":85}},"91":{"start":{"line":92,"column":0},"end":{"line":92,"column":72}},"92":{"start":{"line":93,"column":0},"end":{"line":93,"column":42}},"98":{"start":{"line":99,"column":0},"end":{"line":99,"column":44}},"99":{"start":{"line":100,"column":0},"end":{"line":100,"column":33}},"100":{"start":{"line":101,"column":0},"end":{"line":101,"column":1}},"102":{"start":{"line":103,"column":0},"end":{"line":103,"column":68}},"103":{"start":{"line":104,"column":0},"end":{"line":104,"column":10}},"104":{"start":{"line":105,"column":0},"end":{"line":105,"column":11}},"105":{"start":{"line":106,"column":0},"end":{"line":106,"column":49}},"106":{"start":{"line":107,"column":0},"end":{"line":107,"column":37}},"107":{"start":{"line":108,"column":0},"end":{"line":108,"column":93}},"108":{"start":{"line":109,"column":0},"end":{"line":109,"column":37}},"109":{"start":{"line":110,"column":0},"end":{"line":110,"column":87}},"110":{"start":{"line":111,"column":0},"end":{"line":111,"column":44}},"111":{"start":{"line":112,"column":0},"end":{"line":112,"column":4}},"112":{"start":{"line":113,"column":0},"end":{"line":113,"column":1}},"121":{"start":{"line":122,"column":0},"end":{"line":122,"column":110}},"122":{"start":{"line":123,"column":0},"end":{"line":123,"column":51}},"123":{"start":{"line":124,"column":0},"end":{"line":124,"column":54}},"125":{"start":{"line":126,"column":0},"end":{"line":126,"column":10}},"126":{"start":{"line":127,"column":0},"end":{"line":127,"column":16}},"127":{"start":{"line":128,"column":0},"end":{"line":128,"column":40}},"128":{"start":{"line":129,"column":0},"end":{"line":129,"column":70}},"129":{"start":{"line":130,"column":0},"end":{"line":130,"column":18}},"130":{"start":{"line":131,"column":0},"end":{"line":131,"column":4}},"131":{"start":{"line":132,"column":0},"end":{"line":132,"column":1}},"136":{"start":{"line":137,"column":0},"end":{"line":137,"column":47}},"137":{"start":{"line":138,"column":0},"end":{"line":138,"column":33}},"138":{"start":{"line":139,"column":0},"end":{"line":139,"column":30}},"139":{"start":{"line":140,"column":0},"end":{"line":140,"column":39}},"141":{"start":{"line":142,"column":0},"end":{"line":142,"column":66}},"142":{"start":{"line":143,"column":0},"end":{"line":143,"column":93}},"144":{"start":{"line":145,"column":0},"end":{"line":145,"column":21}},"145":{"start":{"line":146,"column":0},"end":{"line":146,"column":20}},"146":{"start":{"line":147,"column":0},"end":{"line":147,"column":106}},"147":{"start":{"line":148,"column":0},"end":{"line":148,"column":6}},"148":{"start":{"line":149,"column":0},"end":{"line":149,"column":3}},"150":{"start":{"line":151,"column":0},"end":{"line":151,"column":67}},"151":{"start":{"line":152,"column":0},"end":{"line":152,"column":20}},"152":{"start":{"line":153,"column":0},"end":{"line":153,"column":136}},"153":{"start":{"line":154,"column":0},"end":{"line":154,"column":6}},"154":{"start":{"line":155,"column":0},"end":{"line":155,"column":3}},"156":{"start":{"line":157,"column":0},"end":{"line":157,"column":47}},"157":{"start":{"line":158,"column":0},"end":{"line":158,"column":26}},"158":{"start":{"line":159,"column":0},"end":{"line":159,"column":48}},"159":{"start":{"line":160,"column":0},"end":{"line":160,"column":4}},"162":{"start":{"line":163,"column":0},"end":{"line":163,"column":58}},"163":{"start":{"line":164,"column":0},"end":{"line":164,"column":26}},"164":{"start":{"line":165,"column":0},"end":{"line":165,"column":39}},"165":{"start":{"line":166,"column":0},"end":{"line":166,"column":3}},"167":{"start":{"line":168,"column":0},"end":{"line":168,"column":80}},"168":{"start":{"line":169,"column":0},"end":{"line":169,"column":33}},"169":{"start":{"line":170,"column":0},"end":{"line":170,"column":54}},"170":{"start":{"line":171,"column":0},"end":{"line":171,"column":3}},"172":{"start":{"line":173,"column":0},"end":{"line":173,"column":18}},"173":{"start":{"line":174,"column":0},"end":{"line":174,"column":1}},"178":{"start":{"line":179,"column":0},"end":{"line":179,"column":61}},"179":{"start":{"line":180,"column":0},"end":{"line":180,"column":39}},"180":{"start":{"line":181,"column":0},"end":{"line":181,"column":1}},"221":{"start":{"line":222,"column":0},"end":{"line":222,"column":85}},"222":{"start":{"line":223,"column":0},"end":{"line":223,"column":29}},"224":{"start":{"line":225,"column":0},"end":{"line":225,"column":22}},"225":{"start":{"line":226,"column":0},"end":{"line":226,"column":43}},"226":{"start":{"line":227,"column":0},"end":{"line":227,"column":3}},"229":{"start":{"line":230,"column":0},"end":{"line":230,"column":67}},"231":{"start":{"line":232,"column":0},"end":{"line":232,"column":22}},"232":{"start":{"line":233,"column":0},"end":{"line":233,"column":43}},"233":{"start":{"line":234,"column":0},"end":{"line":234,"column":3}},"235":{"start":{"line":236,"column":0},"end":{"line":236,"column":33}},"236":{"start":{"line":237,"column":0},"end":{"line":237,"column":66}},"237":{"start":{"line":238,"column":0},"end":{"line":238,"column":3}},"239":{"start":{"line":240,"column":0},"end":{"line":240,"column":22}},"240":{"start":{"line":241,"column":0},"end":{"line":241,"column":43}},"241":{"start":{"line":242,"column":0},"end":{"line":242,"column":3}},"243":{"start":{"line":244,"column":0},"end":{"line":244,"column":38}},"244":{"start":{"line":245,"column":0},"end":{"line":245,"column":1}},"249":{"start":{"line":250,"column":0},"end":{"line":250,"column":34}},"250":{"start":{"line":251,"column":0},"end":{"line":251,"column":16}},"251":{"start":{"line":252,"column":0},"end":{"line":252,"column":33}},"252":{"start":{"line":253,"column":0},"end":{"line":253,"column":9}},"253":{"start":{"line":254,"column":0},"end":{"line":254,"column":62}},"254":{"start":{"line":255,"column":0},"end":{"line":255,"column":53}},"255":{"start":{"line":256,"column":0},"end":{"line":256,"column":24}},"256":{"start":{"line":257,"column":0},"end":{"line":257,"column":43}},"257":{"start":{"line":258,"column":0},"end":{"line":258,"column":76}},"258":{"start":{"line":259,"column":0},"end":{"line":259,"column":5}},"259":{"start":{"line":260,"column":0},"end":{"line":260,"column":1}},"268":{"start":{"line":269,"column":0},"end":{"line":269,"column":46}},"269":{"start":{"line":270,"column":0},"end":{"line":270,"column":33}},"270":{"start":{"line":271,"column":0},"end":{"line":271,"column":11}},"271":{"start":{"line":272,"column":0},"end":{"line":272,"column":26}},"273":{"start":{"line":274,"column":0},"end":{"line":274,"column":79}},"274":{"start":{"line":275,"column":0},"end":{"line":275,"column":9}},"275":{"start":{"line":276,"column":0},"end":{"line":276,"column":62}},"276":{"start":{"line":277,"column":0},"end":{"line":277,"column":56}},"277":{"start":{"line":278,"column":0},"end":{"line":278,"column":61}},"278":{"start":{"line":279,"column":0},"end":{"line":279,"column":37}},"279":{"start":{"line":280,"column":0},"end":{"line":280,"column":21}},"280":{"start":{"line":281,"column":0},"end":{"line":281,"column":85}},"281":{"start":{"line":282,"column":0},"end":{"line":282,"column":28}},"282":{"start":{"line":283,"column":0},"end":{"line":283,"column":30}},"283":{"start":{"line":284,"column":0},"end":{"line":284,"column":35}},"284":{"start":{"line":285,"column":0},"end":{"line":285,"column":9}},"285":{"start":{"line":286,"column":0},"end":{"line":286,"column":5}},"286":{"start":{"line":287,"column":0},"end":{"line":287,"column":5}},"288":{"start":{"line":289,"column":0},"end":{"line":289,"column":16}},"289":{"start":{"line":290,"column":0},"end":{"line":290,"column":1}},"294":{"start":{"line":295,"column":0},"end":{"line":295,"column":50}},"295":{"start":{"line":296,"column":0},"end":{"line":296,"column":41}},"296":{"start":{"line":297,"column":0},"end":{"line":297,"column":33}},"297":{"start":{"line":298,"column":0},"end":{"line":298,"column":9}},"298":{"start":{"line":299,"column":0},"end":{"line":299,"column":55}},"299":{"start":{"line":300,"column":0},"end":{"line":300,"column":18}},"300":{"start":{"line":301,"column":0},"end":{"line":301,"column":1}}},"s":{"0":0,"88":0,"89":0,"91":0,"92":0,"98":0,"99":0,"100":0,"102":0,"103":0,"104":0,"105":0,"106":0,"107":0,"108":0,"109":0,"110":0,"111":0,"112":0,"121":0,"122":0,"123":0,"125":0,"126":0,"127":0,"128":0,"129":0,"130":0,"131":0,"136":0,"137":0,"138":0,"139":0,"141":0,"142":0,"144":0,"145":0,"146":0,"147":0,"148":0,"150":0,"151":0,"152":0,"153":0,"154":0,"156":0,"157":0,"158":0,"159":0,"162":0,"163":0,"164":0,"165":0,"167":0,"168":0,"169":0,"170":0,"172":0,"173":0,"178":0,"179":0,"180":0,"221":0,"222":0,"224":0,"225":0,"226":0,"229":0,"231":0,"232":0,"233":0,"235":0,"236":0,"237":0,"239":0,"240":0,"241":0,"243":0,"244":0,"249":0,"250":0,"251":0,"252":0,"253":0,"254":0,"255":0,"256":0,"257":0,"258":0,"259":0,"268":0,"269":0,"270":0,"271":0,"273":0,"274":0,"275":0,"276":0,"277":0,"278":0,"279":0,"280":0,"281":0,"282":0,"283":0,"284":0,"285":0,"286":0,"288":0,"289":0,"294":0,"295":0,"296":0,"297":0,"298":0,"299":0,"300":0},"branchMap":{"0":{"type":"branch","line":1,"loc":{"start":{"line":1,"column":8514},"end":{"line":301,"column":1}},"locations":[{"start":{"line":1,"column":8514},"end":{"line":301,"column":1}}]}},"b":{"0":[0]},"fnMap":{"0":{"name":"(empty-report)","decl":{"start":{"line":1,"column":8514},"end":{"line":301,"column":1}},"loc":{"start":{"line":1,"column":8514},"end":{"line":301,"column":1}},"line":1}},"f":{"0":0}}
,"/Users/chiefbuilder/Documents/Projects/MCP_11252025_Reference/src/auth/m2m.ts": {"path":"/Users/chiefbuilder/Documents/Projects/MCP_11252025_Reference/src/auth/m2m.ts","all":true,"statementMap":{"0":{"start":{"line":1,"column":0},"end":{"line":1,"column":3}}},"s":{"0":0},"branchMap":{"0":{"type":"branch","line":1,"loc":{"start":{"line":1,"column":493},"end":{"line":18,"column":36}},"locations":[{"start":{"line":1,"column":493},"end":{"line":18,"column":36}}]}},"b":{"0":[0]},"fnMap":{"0":{"name":"(empty-report)","decl":{"start":{"line":1,"column":493},"end":{"line":18,"column":36}},"loc":{"start":{"line":1,"column":493},"end":{"line":18,"column":36}},"line":1}},"f":{"0":0}}
,"/Users/chiefbuilder/Documents/Projects/MCP_11252025_Reference/src/auth/oauth.ts": {"path":"/Users/chiefbuilder/Documents/Projects/MCP_11252025_Reference/src/auth/oauth.ts","all":false,"statementMap":{"0":{"start":{"line":1,"column":0},"end":{"line":1,"column":3}},"20":{"start":{"line":21,"column":0},"end":{"line":21,"column":30}},"23":{"start":{"line":24,"column":0},"end":{"line":24,"column":45}},"29":{"start":{"line":30,"column":0},"end":{"line":30,"column":43}},"31":{"start":{"line":32,"column":0},"end":{"line":32,"column":27}},"33":{"start":{"line":34,"column":0},"end":{"line":34,"column":30}},"35":{"start":{"line":36,"column":0},"end":{"line":36,"column":38}},"37":{"start":{"line":38,"column":0},"end":{"line":38,"column":43}},"39":{"start":{"line":40,"column":0},"end":{"line":40,"column":54}},"41":{"start":{"line":42,"column":0},"end":{"line":42,"column":53}},"43":{"start":{"line":44,"column":0},"end":{"line":44,"column":45}},"44":{"start":{"line":45,"column":0},"end":{"line":45,"column":3}},"46":{"start":{"line":47,"column":0},"end":{"line":47,"column":52}},"48":{"start":{"line":49,"column":0},"end":{"line":49,"column":34}},"50":{"start":{"line":51,"column":0},"end":{"line":51,"column":30}},"52":{"start":{"line":53,"column":0},"end":{"line":53,"column":32}},"54":{"start":{"line":55,"column":0},"end":{"line":55,"column":31}},"56":{"start":{"line":57,"column":0},"end":{"line":57,"column":27}},"58":{"start":{"line":59,"column":0},"end":{"line":59,"column":35}},"60":{"start":{"line":61,"column":0},"end":{"line":61,"column":41}},"62":{"start":{"line":63,"column":0},"end":{"line":63,"column":49}},"64":{"start":{"line":65,"column":0},"end":{"line":65,"column":34}},"65":{"start":{"line":66,"column":0},"end":{"line":66,"column":3}},"67":{"start":{"line":68,"column":0},"end":{"line":68,"column":44}},"69":{"start":{"line":70,"column":0},"end":{"line":70,"column":83}},"71":{"start":{"line":72,"column":0},"end":{"line":72,"column":30}},"73":{"start":{"line":74,"column":0},"end":{"line":74,"column":43}},"75":{"start":{"line":76,"column":0},"end":{"line":76,"column":38}},"77":{"start":{"line":78,"column":0},"end":{"line":78,"column":38}},"79":{"start":{"line":80,"column":0},"end":{"line":80,"column":31}},"81":{"start":{"line":82,"column":0},"end":{"line":82,"column":40}},"82":{"start":{"line":83,"column":0},"end":{"line":83,"column":3}},"84":{"start":{"line":85,"column":0},"end":{"line":85,"column":45}},"86":{"start":{"line":87,"column":0},"end":{"line":87,"column":27}},"88":{"start":{"line":89,"column":0},"end":{"line":89,"column":34}},"90":{"start":{"line":91,"column":0},"end":{"line":91,"column":53}},"92":{"start":{"line":93,"column":0},"end":{"line":93,"column":39}},"94":{"start":{"line":95,"column":0},"end":{"line":95,"column":31}},"96":{"start":{"line":97,"column":0},"end":{"line":97,"column":34}},"97":{"start":{"line":98,"column":0},"end":{"line":98,"column":3}},"99":{"start":{"line":100,"column":0},"end":{"line":100,"column":50}},"100":{"start":{"line":101,"column":0},"end":{"line":101,"column":20}},"101":{"start":{"line":102,"column":0},"end":{"line":102,"column":43}},"102":{"start":{"line":103,"column":0},"end":{"line":103,"column":41}},"103":{"start":{"line":104,"column":0},"end":{"line":104,"column":3}},"170":{"start":{"line":171,"column":0},"end":{"line":171,"column":39}},"171":{"start":{"line":172,"column":0},"end":{"line":172,"column":14}},"172":{"start":{"line":173,"column":0},"end":{"line":173,"column":38}},"173":{"start":{"line":174,"column":0},"end":{"line":174,"column":20}},"174":{"start":{"line":175,"column":0},"end":{"line":175,"column":37}},"175":{"start":{"line":176,"column":0},"end":{"line":176,"column":5}},"176":{"start":{"line":177,"column":0},"end":{"line":177,"column":19}},"177":{"start":{"line":178,"column":0},"end":{"line":178,"column":29}},"178":{"start":{"line":179,"column":0},"end":{"line":179,"column":34}},"179":{"start":{"line":180,"column":0},"end":{"line":180,"column":54}},"180":{"start":{"line":181,"column":0},"end":{"line":181,"column":5}},"181":{"start":{"line":182,"column":0},"end":{"line":182,"column":3}},"183":{"start":{"line":184,"column":0},"end":{"line":184,"column":67}},"184":{"start":{"line":185,"column":0},"end":{"line":185,"column":26}},"185":{"start":{"line":186,"column":0},"end":{"line":186,"column":21}},"186":{"start":{"line":187,"column":0},"end":{"line":187,"column":51}},"187":{"start":{"line":188,"column":0},"end":{"line":188,"column":24}},"188":{"start":{"line":189,"column":0},"end":{"line":189,"column":6}},"189":{"start":{"line":190,"column":0},"end":{"line":190,"column":3}},"190":{"start":{"line":191,"column":0},"end":{"line":191,"column":1}},"195":{"start":{"line":196,"column":0},"end":{"line":196,"column":54}},"196":{"start":{"line":197,"column":0},"end":{"line":197,"column":62}},"197":{"start":{"line":198,"column":0},"end":{"line":198,"column":36}},"198":{"start":{"line":199,"column":0},"end":{"line":199,"column":39}},"199":{"start":{"line":200,"column":0},"end":{"line":200,"column":3}},"200":{"start":{"line":201,"column":0},"end":{"line":201,"column":1}},"205":{"start":{"line":206,"column":0},"end":{"line":206,"column":53}},"206":{"start":{"line":207,"column":0},"end":{"line":207,"column":62}},"207":{"start":{"line":208,"column":0},"end":{"line":208,"column":38}},"208":{"start":{"line":209,"column":0},"end":{"line":209,"column":38}},"209":{"start":{"line":210,"column":0},"end":{"line":210,"column":3}},"210":{"start":{"line":211,"column":0},"end":{"line":211,"column":1}},"226":{"start":{"line":227,"column":0},"end":{"line":227,"column":41}},"227":{"start":{"line":228,"column":0},"end":{"line":228,"column":55}},"228":{"start":{"line":229,"column":0},"end":{"line":229,"column":39}},"229":{"start":{"line":230,"column":0},"end":{"line":230,"column":1}},"240":{"start":{"line":241,"column":0},"end":{"line":241,"column":76}},"241":{"start":{"line":242,"column":0},"end":{"line":242,"column":69}},"242":{"start":{"line":243,"column":0},"end":{"line":243,"column":17}},"243":{"start":{"line":244,"column":0},"end":{"line":244,"column":3}},"245":{"start":{"line":246,"column":0},"end":{"line":246,"column":44}},"246":{"start":{"line":247,"column":0},"end":{"line":247,"column":17}},"247":{"start":{"line":248,"column":0},"end":{"line":248,"column":3}},"250":{"start":{"line":251,"column":0},"end":{"line":251,"column":17}},"251":{"start":{"line":252,"column":0},"end":{"line":252,"column":45}},"252":{"start":{"line":253,"column":0},"end":{"line":253,"column":62}},"253":{"start":{"line":254,"column":0},"end":{"line":254,"column":3}},"255":{"start":{"line":256,"column":0},"end":{"line":256,"column":22}},"256":{"start":{"line":257,"column":0},"end":{"line":257,"column":1}},"268":{"start":{"line":269,"column":0},"end":{"line":269,"column":66}},"269":{"start":{"line":270,"column":0},"end":{"line":270,"column":70}},"270":{"start":{"line":271,"column":0},"end":{"line":271,"column":32}},"271":{"start":{"line":272,"column":0},"end":{"line":272,"column":1}},"279":{"start":{"line":280,"column":0},"end":{"line":280,"column":58}},"280":{"start":{"line":281,"column":0},"end":{"line":281,"column":70}},"281":{"start":{"line":282,"column":0},"end":{"line":282,"column":34}},"282":{"start":{"line":283,"column":0},"end":{"line":283,"column":1}},"298":{"start":{"line":299,"column":0},"end":{"line":299,"column":26}},"299":{"start":{"line":300,"column":0},"end":{"line":300,"column":39}},"300":{"start":{"line":301,"column":0},"end":{"line":301,"column":49}},"301":{"start":{"line":302,"column":0},"end":{"line":302,"column":41}},"303":{"start":{"line":304,"column":0},"end":{"line":304,"column":36}},"304":{"start":{"line":305,"column":0},"end":{"line":305,"column":50}},"307":{"start":{"line":308,"column":0},"end":{"line":308,"column":32}},"308":{"start":{"line":309,"column":0},"end":{"line":309,"column":88}},"309":{"start":{"line":310,"column":0},"end":{"line":310,"column":24}},"310":{"start":{"line":311,"column":0},"end":{"line":311,"column":72}},"311":{"start":{"line":312,"column":0},"end":{"line":312,"column":3}},"316":{"start":{"line":317,"column":0},"end":{"line":317,"column":28}},"317":{"start":{"line":318,"column":0},"end":{"line":318,"column":30}},"318":{"start":{"line":319,"column":0},"end":{"line":319,"column":3}},"333":{"start":{"line":334,"column":0},"end":{"line":334,"column":34}},"346":{"start":{"line":347,"column":0},"end":{"line":347,"column":35}},"347":{"start":{"line":348,"column":0},"end":{"line":348,"column":71}},"348":{"start":{"line":349,"column":0},"end":{"line":349,"column":23}},"349":{"start":{"line":350,"column":0},"end":{"line":350,"column":50}},"350":{"start":{"line":351,"column":0},"end":{"line":351,"column":5}},"352":{"start":{"line":353,"column":0},"end":{"line":353,"column":56}},"353":{"start":{"line":354,"column":0},"end":{"line":354,"column":40}},"354":{"start":{"line":355,"column":0},"end":{"line":355,"column":61}},"357":{"start":{"line":358,"column":0},"end":{"line":358,"column":48}},"358":{"start":{"line":359,"column":0},"end":{"line":359,"column":62}},"361":{"start":{"line":362,"column":0},"end":{"line":362,"column":34}},"364":{"start":{"line":365,"column":0},"end":{"line":365,"column":41}},"365":{"start":{"line":366,"column":0},"end":{"line":366,"column":40}},"366":{"start":{"line":367,"column":0},"end":{"line":367,"column":50}},"367":{"start":{"line":368,"column":0},"end":{"line":368,"column":44}},"368":{"start":{"line":369,"column":0},"end":{"line":369,"column":31}},"369":{"start":{"line":370,"column":0},"end":{"line":370,"column":48}},"370":{"start":{"line":371,"column":0},"end":{"line":371,"column":48}},"373":{"start":{"line":374,"column":0},"end":{"line":374,"column":28}},"374":{"start":{"line":375,"column":0},"end":{"line":375,"column":44}},"375":{"start":{"line":376,"column":0},"end":{"line":376,"column":5}},"379":{"start":{"line":380,"column":0},"end":{"line":380,"column":44}},"380":{"start":{"line":381,"column":0},"end":{"line":381,"column":41}},"381":{"start":{"line":382,"column":0},"end":{"line":382,"column":44}},"382":{"start":{"line":383,"column":0},"end":{"line":383,"column":7}},"383":{"start":{"line":384,"column":0},"end":{"line":384,"column":5}},"386":{"start":{"line":387,"column":0},"end":{"line":387,"column":27}},"387":{"start":{"line":388,"column":0},"end":{"line":388,"column":47}},"388":{"start":{"line":389,"column":0},"end":{"line":389,"column":5}},"391":{"start":{"line":392,"column":0},"end":{"line":392,"column":35}},"392":{"start":{"line":393,"column":0},"end":{"line":393,"column":76}},"393":{"start":{"line":394,"column":0},"end":{"line":394,"column":31}},"394":{"start":{"line":395,"column":0},"end":{"line":395,"column":7}},"395":{"start":{"line":396,"column":0},"end":{"line":396,"column":5}},"398":{"start":{"line":399,"column":0},"end":{"line":399,"column":69}},"401":{"start":{"line":402,"column":0},"end":{"line":402,"column":27}},"402":{"start":{"line":403,"column":0},"end":{"line":403,"column":43}},"403":{"start":{"line":404,"column":0},"end":{"line":404,"column":12}},"404":{"start":{"line":405,"column":0},"end":{"line":405,"column":19}},"405":{"start":{"line":406,"column":0},"end":{"line":406,"column":18}},"406":{"start":{"line":407,"column":0},"end":{"line":407,"column":13}},"407":{"start":{"line":408,"column":0},"end":{"line":408,"column":21}},"408":{"start":{"line":409,"column":0},"end":{"line":409,"column":47}},"409":{"start":{"line":410,"column":0},"end":{"line":410,"column":6}},"412":{"start":{"line":413,"column":0},"end":{"line":413,"column":44}},"413":{"start":{"line":414,"column":0},"end":{"line":414,"column":36}},"414":{"start":{"line":415,"column":0},"end":{"line":415,"column":5}},"416":{"start":{"line":417,"column":0},"end":{"line":417,"column":28}},"417":{"start":{"line":418,"column":0},"end":{"line":418,"column":3}},"434":{"start":{"line":435,"column":0},"end":{"line":435,"column":23}},"435":{"start":{"line":436,"column":0},"end":{"line":436,"column":40}},"436":{"start":{"line":437,"column":0},"end":{"line":437,"column":33}},"437":{"start":{"line":438,"column":0},"end":{"line":438,"column":39}},"439":{"start":{"line":440,"column":0},"end":{"line":440,"column":23}},"440":{"start":{"line":441,"column":0},"end":{"line":441,"column":27}},"441":{"start":{"line":442,"column":0},"end":{"line":442,"column":21}},"442":{"start":{"line":443,"column":0},"end":{"line":443,"column":47}},"443":{"start":{"line":444,"column":0},"end":{"line":444,"column":8}},"444":{"start":{"line":445,"column":0},"end":{"line":445,"column":5}},"447":{"start":{"line":448,"column":0},"end":{"line":448,"column":54}},"448":{"start":{"line":449,"column":0},"end":{"line":449,"column":39}},"449":{"start":{"line":450,"column":0},"end":{"line":450,"column":5}},"452":{"start":{"line":453,"column":0},"end":{"line":453,"column":41}},"453":{"start":{"line":454,"column":0},"end":{"line":454,"column":38}},"454":{"start":{"line":455,"column":0},"end":{"line":455,"column":5}},"457":{"start":{"line":458,"column":0},"end":{"line":458,"column":28}},"462":{"start":{"line":463,"column":0},"end":{"line":463,"column":9}},"463":{"start":{"line":464,"column":0},"end":{"line":464,"column":24}},"464":{"start":{"line":465,"column":0},"end":{"line":465,"column":41}},"465":{"start":{"line":466,"column":0},"end":{"line":466,"column":39}},"466":{"start":{"line":467,"column":0},"end":{"line":467,"column":6}},"469":{"start":{"line":470,"column":0},"end":{"line":470,"column":49}},"470":{"start":{"line":471,"column":0},"end":{"line":471,"column":24}},"471":{"start":{"line":472,"column":0},"end":{"line":472,"column":47}},"472":{"start":{"line":473,"column":0},"end":{"line":473,"column":5}},"474":{"start":{"line":475,"column":0},"end":{"line":475,"column":46}},"475":{"start":{"line":476,"column":0},"end":{"line":476,"column":3}},"484":{"start":{"line":485,"column":0},"end":{"line":485,"column":31}},"493":{"start":{"line":494,"column":0},"end":{"line":494,"column":40}},"494":{"start":{"line":495,"column":0},"end":{"line":495,"column":39}},"495":{"start":{"line":496,"column":0},"end":{"line":496,"column":49}},"496":{"start":{"line":497,"column":0},"end":{"line":497,"column":48}},"497":{"start":{"line":498,"column":0},"end":{"line":498,"column":35}},"498":{"start":{"line":499,"column":0},"end":{"line":499,"column":52}},"499":{"start":{"line":500,"column":0},"end":{"line":500,"column":50}},"502":{"start":{"line":503,"column":0},"end":{"line":503,"column":35}},"503":{"start":{"line":504,"column":0},"end":{"line":504,"column":58}},"504":{"start":{"line":505,"column":0},"end":{"line":505,"column":5}},"507":{"start":{"line":508,"column":0},"end":{"line":508,"column":27}},"508":{"start":{"line":509,"column":0},"end":{"line":509,"column":45}},"509":{"start":{"line":510,"column":0},"end":{"line":510,"column":5}},"511":{"start":{"line":512,"column":0},"end":{"line":512,"column":35}},"512":{"start":{"line":513,"column":0},"end":{"line":513,"column":3}},"522":{"start":{"line":523,"column":0},"end":{"line":523,"column":21}},"523":{"start":{"line":524,"column":0},"end":{"line":524,"column":25}},"524":{"start":{"line":525,"column":0},"end":{"line":525,"column":14}},"529":{"start":{"line":530,"column":0},"end":{"line":530,"column":10}},"530":{"start":{"line":531,"column":0},"end":{"line":531,"column":39}},"531":{"start":{"line":532,"column":0},"end":{"line":532,"column":39}},"532":{"start":{"line":533,"column":0},"end":{"line":533,"column":44}},"533":{"start":{"line":534,"column":0},"end":{"line":534,"column":48}},"534":{"start":{"line":535,"column":0},"end":{"line":535,"column":44}},"537":{"start":{"line":538,"column":0},"end":{"line":538,"column":35}},"538":{"start":{"line":539,"column":0},"end":{"line":539,"column":58}},"539":{"start":{"line":540,"column":0},"end":{"line":540,"column":5}},"542":{"start":{"line":543,"column":0},"end":{"line":543,"column":54}},"543":{"start":{"line":544,"column":0},"end":{"line":544,"column":50}},"544":{"start":{"line":545,"column":0},"end":{"line":545,"column":5}},"547":{"start":{"line":548,"column":0},"end":{"line":548,"column":27}},"548":{"start":{"line":549,"column":0},"end":{"line":549,"column":45}},"549":{"start":{"line":550,"column":0},"end":{"line":550,"column":5}},"551":{"start":{"line":552,"column":0},"end":{"line":552,"column":35}},"552":{"start":{"line":553,"column":0},"end":{"line":553,"column":3}},"561":{"start":{"line":562,"column":0},"end":{"line":562,"column":87}},"562":{"start":{"line":563,"column":0},"end":{"line":563,"column":54}},"563":{"start":{"line":564,"column":0},"end":{"line":564,"column":21}},"564":{"start":{"line":565,"column":0},"end":{"line":565,"column":16}},"565":{"start":{"line":566,"column":0},"end":{"line":566,"column":60}},"566":{"start":{"line":567,"column":0},"end":{"line":567,"column":35}},"567":{"start":{"line":568,"column":0},"end":{"line":568,"column":8}},"568":{"start":{"line":569,"column":0},"end":{"line":569,"column":28}},"569":{"start":{"line":570,"column":0},"end":{"line":570,"column":7}},"571":{"start":{"line":572,"column":0},"end":{"line":572,"column":47}},"573":{"start":{"line":574,"column":0},"end":{"line":574,"column":23}},"574":{"start":{"line":575,"column":0},"end":{"line":575,"column":77}},"575":{"start":{"line":576,"column":0},"end":{"line":576,"column":34}},"576":{"start":{"line":577,"column":0},"end":{"line":577,"column":60}},"577":{"start":{"line":578,"column":0},"end":{"line":578,"column":7}},"578":{"start":{"line":579,"column":0},"end":{"line":579,"column":27}},"579":{"start":{"line":580,"column":0},"end":{"line":580,"column":23}},"580":{"start":{"line":581,"column":0},"end":{"line":581,"column":61}},"581":{"start":{"line":582,"column":0},"end":{"line":582,"column":8}},"582":{"start":{"line":583,"column":0},"end":{"line":583,"column":5}},"584":{"start":{"line":585,"column":0},"end":{"line":585,"column":66}},"585":{"start":{"line":586,"column":0},"end":{"line":586,"column":49}},"586":{"start":{"line":587,"column":0},"end":{"line":587,"column":3}},"587":{"start":{"line":588,"column":0},"end":{"line":588,"column":1}},"596":{"start":{"line":597,"column":0},"end":{"line":597,"column":90}},"597":{"start":{"line":598,"column":0},"end":{"line":598,"column":43}},"598":{"start":{"line":599,"column":0},"end":{"line":599,"column":39}},"599":{"start":{"line":600,"column":0},"end":{"line":600,"column":35}},"600":{"start":{"line":601,"column":0},"end":{"line":601,"column":4}},"602":{"start":{"line":603,"column":0},"end":{"line":603,"column":42}},"603":{"start":{"line":604,"column":0},"end":{"line":604,"column":43}},"604":{"start":{"line":605,"column":0},"end":{"line":605,"column":3}},"605":{"start":{"line":606,"column":0},"end":{"line":606,"column":45}},"606":{"start":{"line":607,"column":0},"end":{"line":607,"column":49}},"607":{"start":{"line":608,"column":0},"end":{"line":608,"column":3}},"608":{"start":{"line":609,"column":0},"end":{"line":609,"column":37}},"609":{"start":{"line":610,"column":0},"end":{"line":610,"column":34}},"610":{"start":{"line":611,"column":0},"end":{"line":611,"column":3}},"611":{"start":{"line":612,"column":0},"end":{"line":612,"column":40}},"612":{"start":{"line":613,"column":0},"end":{"line":613,"column":39}},"613":{"start":{"line":614,"column":0},"end":{"line":614,"column":3}},"615":{"start":{"line":616,"column":0},"end":{"line":616,"column":16}},"616":{"start":{"line":617,"column":0},"end":{"line":617,"column":1}},"625":{"start":{"line":626,"column":0},"end":{"line":626,"column":76}},"626":{"start":{"line":627,"column":0},"end":{"line":627,"column":33}},"627":{"start":{"line":628,"column":0},"end":{"line":628,"column":40}},"630":{"start":{"line":631,"column":0},"end":{"line":631,"column":36}},"631":{"start":{"line":632,"column":0},"end":{"line":632,"column":14}},"632":{"start":{"line":633,"column":0},"end":{"line":633,"column":49}},"633":{"start":{"line":634,"column":0},"end":{"line":634,"column":15}},"634":{"start":{"line":635,"column":0},"end":{"line":635,"column":39}},"635":{"start":{"line":636,"column":0},"end":{"line":636,"column":12}},"636":{"start":{"line":637,"column":0},"end":{"line":637,"column":6}},"637":{"start":{"line":638,"column":0},"end":{"line":638,"column":61}},"638":{"start":{"line":639,"column":0},"end":{"line":639,"column":27}},"639":{"start":{"line":640,"column":0},"end":{"line":640,"column":49}},"640":{"start":{"line":641,"column":0},"end":{"line":641,"column":5}},"641":{"start":{"line":642,"column":0},"end":{"line":642,"column":18}},"642":{"start":{"line":643,"column":0},"end":{"line":643,"column":3}},"645":{"start":{"line":646,"column":0},"end":{"line":646,"column":34}},"646":{"start":{"line":647,"column":0},"end":{"line":647,"column":36}},"648":{"start":{"line":649,"column":0},"end":{"line":649,"column":14}},"649":{"start":{"line":650,"column":0},"end":{"line":650,"column":74}},"650":{"start":{"line":651,"column":0},"end":{"line":651,"column":3}},"652":{"start":{"line":653,"column":0},"end":{"line":653,"column":15}},"653":{"start":{"line":654,"column":0},"end":{"line":654,"column":71}},"654":{"start":{"line":655,"column":0},"end":{"line":655,"column":3}},"656":{"start":{"line":657,"column":0},"end":{"line":657,"column":25}},"657":{"start":{"line":658,"column":0},"end":{"line":658,"column":1}},"667":{"start":{"line":668,"column":0},"end":{"line":668,"column":34}},"668":{"start":{"line":669,"column":0},"end":{"line":669,"column":17}},"669":{"start":{"line":670,"column":0},"end":{"line":670,"column":19}},"670":{"start":{"line":671,"column":0},"end":{"line":671,"column":12}},"675":{"start":{"line":676,"column":0},"end":{"line":676,"column":8}},"676":{"start":{"line":677,"column":0},"end":{"line":677,"column":16}},"678":{"start":{"line":679,"column":0},"end":{"line":679,"column":46}},"679":{"start":{"line":680,"column":0},"end":{"line":680,"column":12}},"680":{"start":{"line":681,"column":0},"end":{"line":681,"column":26}},"682":{"start":{"line":683,"column":0},"end":{"line":683,"column":26}},"683":{"start":{"line":684,"column":0},"end":{"line":684,"column":11}},"684":{"start":{"line":685,"column":0},"end":{"line":685,"column":13}},"685":{"start":{"line":686,"column":0},"end":{"line":686,"column":39}},"686":{"start":{"line":687,"column":0},"end":{"line":687,"column":37}},"687":{"start":{"line":688,"column":0},"end":{"line":688,"column":45}},"689":{"start":{"line":690,"column":0},"end":{"line":690,"column":5}},"690":{"start":{"line":691,"column":0},"end":{"line":691,"column":1}},"699":{"start":{"line":700,"column":0},"end":{"line":700,"column":27}},"700":{"start":{"line":701,"column":0},"end":{"line":701,"column":39}},"702":{"start":{"line":703,"column":0},"end":{"line":703,"column":125}},"704":{"start":{"line":705,"column":0},"end":{"line":705,"column":26}},"705":{"start":{"line":706,"column":0},"end":{"line":706,"column":28}},"706":{"start":{"line":707,"column":0},"end":{"line":707,"column":32}},"707":{"start":{"line":708,"column":0},"end":{"line":708,"column":40}},"708":{"start":{"line":709,"column":0},"end":{"line":709,"column":38}},"709":{"start":{"line":710,"column":0},"end":{"line":710,"column":46}},"710":{"start":{"line":711,"column":0},"end":{"line":711,"column":6}},"711":{"start":{"line":712,"column":0},"end":{"line":712,"column":48}},"712":{"start":{"line":713,"column":0},"end":{"line":713,"column":3}},"714":{"start":{"line":715,"column":0},"end":{"line":715,"column":28}},"722":{"start":{"line":723,"column":0},"end":{"line":723,"column":23}},"723":{"start":{"line":724,"column":0},"end":{"line":724,"column":65}},"724":{"start":{"line":725,"column":0},"end":{"line":725,"column":39}},"725":{"start":{"line":726,"column":0},"end":{"line":726,"column":6}},"726":{"start":{"line":727,"column":0},"end":{"line":727,"column":24}},"727":{"start":{"line":728,"column":0},"end":{"line":728,"column":48}},"728":{"start":{"line":729,"column":0},"end":{"line":729,"column":5}},"729":{"start":{"line":730,"column":0},"end":{"line":730,"column":63}},"730":{"start":{"line":731,"column":0},"end":{"line":731,"column":15}},"731":{"start":{"line":732,"column":0},"end":{"line":732,"column":3}},"733":{"start":{"line":734,"column":0},"end":{"line":734,"column":24}},"740":{"start":{"line":741,"column":0},"end":{"line":741,"column":156}},"741":{"start":{"line":742,"column":0},"end":{"line":742,"column":53}},"742":{"start":{"line":743,"column":0},"end":{"line":743,"column":75}},"743":{"start":{"line":744,"column":0},"end":{"line":744,"column":84}},"744":{"start":{"line":745,"column":0},"end":{"line":745,"column":7}},"745":{"start":{"line":746,"column":0},"end":{"line":746,"column":39}},"746":{"start":{"line":747,"column":0},"end":{"line":747,"column":27}},"747":{"start":{"line":748,"column":0},"end":{"line":748,"column":43}},"748":{"start":{"line":749,"column":0},"end":{"line":749,"column":41}},"749":{"start":{"line":750,"column":0},"end":{"line":750,"column":9}},"750":{"start":{"line":751,"column":0},"end":{"line":751,"column":5}},"752":{"start":{"line":753,"column":0},"end":{"line":753,"column":48}},"753":{"start":{"line":754,"column":0},"end":{"line":754,"column":34}},"754":{"start":{"line":755,"column":0},"end":{"line":755,"column":49}},"755":{"start":{"line":756,"column":0},"end":{"line":756,"column":7}},"756":{"start":{"line":757,"column":0},"end":{"line":757,"column":55}},"757":{"start":{"line":758,"column":0},"end":{"line":758,"column":26}},"758":{"start":{"line":759,"column":0},"end":{"line":759,"column":57}},"759":{"start":{"line":760,"column":0},"end":{"line":760,"column":7}},"760":{"start":{"line":761,"column":0},"end":{"line":761,"column":76}},"761":{"start":{"line":762,"column":0},"end":{"line":762,"column":5}},"763":{"start":{"line":764,"column":0},"end":{"line":764,"column":68}},"764":{"start":{"line":765,"column":0},"end":{"line":765,"column":3}},"765":{"start":{"line":766,"column":0},"end":{"line":766,"column":1}}},"s":{"0":1,"20":1,"23":1,"29":1,"31":1,"33":1,"35":1,"37":1,"39":1,"41":1,"43":1,"44":1,"46":1,"48":1,"50":1,"52":1,"54":1,"56":1,"58":1,"60":1,"62":1,"64":1,"65":1,"67":1,"69":1,"71":1,"73":1,"75":1,"77":1,"79":1,"81":1,"82":1,"84":1,"86":1,"88":1,"90":1,"92":1,"94":1,"96":1,"97":1,"99":1,"100":1,"101":1,"102":1,"103":1,"170":1,"171":1,"172":11,"173":11,"174":11,"175":11,"176":11,"177":11,"178":11,"179":11,"180":11,"181":11,"183":1,"184":2,"185":2,"186":2,"187":2,"188":2,"189":2,"190":1,"195":1,"196":1,"197":2,"198":2,"199":2,"200":1,"205":1,"206":1,"207":1,"208":1,"209":1,"210":1,"226":1,"227":30,"228":30,"229":30,"240":1,"241":13,"242":0,"243":0,"245":13,"246":3,"247":3,"250":10,"251":13,"252":345,"253":345,"255":10,"256":10,"268":1,"269":31,"270":31,"271":31,"279":1,"280":31,"281":31,"282":31,"298":1,"299":32,"300":32,"301":32,"303":32,"304":32,"307":32,"308":32,"309":32,"310":32,"311":32,"316":32,"317":0,"318":0,"333":32,"346":30,"347":30,"348":30,"349":0,"350":0,"352":30,"353":30,"354":30,"357":30,"358":30,"361":30,"364":30,"365":30,"366":30,"367":30,"368":30,"369":30,"370":30,"373":30,"374":30,"375":30,"379":30,"380":3,"381":4,"382":4,"383":3,"386":30,"387":1,"388":1,"391":30,"392":1,"393":3,"394":3,"395":1,"398":30,"401":30,"402":30,"403":30,"404":30,"405":30,"406":30,"407":30,"408":30,"409":30,"412":30,"413":3,"414":3,"416":30,"417":30,"434":32,"435":9,"436":9,"437":9,"439":9,"440":2,"441":2,"442":2,"443":2,"444":2,"447":9,"448":2,"449":2,"452":9,"453":1,"454":1,"457":4,"462":4,"463":4,"464":4,"465":4,"466":4,"469":9,"470":9,"471":2,"472":2,"474":4,"475":9,"484":32,"493":6,"494":6,"495":6,"496":6,"497":6,"498":6,"499":6,"502":6,"503":5,"504":5,"507":6,"508":2,"509":2,"511":6,"512":6,"522":32,"523":6,"524":6,"529":6,"530":6,"531":6,"532":6,"533":6,"534":6,"537":6,"538":6,"539":6,"542":6,"543":1,"544":1,"547":6,"548":1,"549":1,"551":6,"552":6,"561":32,"562":12,"563":12,"564":12,"565":12,"566":12,"567":12,"568":12,"569":12,"571":12,"573":12,"574":2,"575":2,"576":2,"577":2,"578":0,"579":0,"580":0,"581":0,"582":0,"584":10,"585":10,"586":12,"587":32,"596":1,"597":10,"598":10,"599":10,"600":10,"602":10,"603":10,"604":10,"605":10,"606":10,"607":10,"608":10,"609":10,"610":10,"611":10,"612":10,"613":10,"615":10,"616":10,"625":1,"626":9,"627":9,"630":9,"631":9,"632":2,"633":2,"634":2,"635":2,"636":2,"637":2,"638":2,"639":2,"640":2,"641":2,"642":2,"645":7,"646":7,"648":9,"649":2,"650":2,"652":9,"653":2,"654":2,"656":3,"657":3,"667":1,"668":0,"669":0,"670":0,"675":0,"676":0,"678":0,"679":0,"680":0,"682":0,"683":0,"684":0,"685":0,"686":0,"687":0,"689":0,"690":0,"699":1,"700":0,"702":0,"704":0,"705":0,"706":0,"707":0,"708":0,"709":0,"710":0,"711":0,"712":0,"714":0,"722":0,"723":0,"724":0,"725":0,"726":0,"727":0,"728":0,"729":0,"730":0,"731":0,"733":0,"740":0,"741":0,"742":0,"743":0,"744":0,"745":0,"746":0,"747":0,"748":0,"749":0,"750":0,"752":0,"753":0,"754":0,"755":0,"756":0,"757":0,"758":0,"759":0,"760":0,"761":0,"763":0,"764":0,"765":0},"branchMap":{"0":{"type":"branch","line":172,"loc":{"start":{"line":172,"column":2},"end":{"line":182,"column":3}},"locations":[{"start":{"line":172,"column":2},"end":{"line":182,"column":3}}]},"1":{"type":"branch","line":184,"loc":{"start":{"line":184,"column":9},"end":{"line":190,"column":3}},"locations":[{"start":{"line":184,"column":9},"end":{"line":190,"column":3}}]},"2":{"type":"branch","line":187,"loc":{"start":{"line":187,"column":15},"end":{"line":187,"column":51}},"locations":[{"start":{"line":187,"column":15},"end":{"line":187,"column":51}}]},"3":{"type":"branch","line":197,"loc":{"start":{"line":197,"column":2},"end":{"line":200,"column":3}},"locations":[{"start":{"line":197,"column":2},"end":{"line":200,"column":3}}]},"4":{"type":"branch","line":207,"loc":{"start":{"line":207,"column":2},"end":{"line":210,"column":3}},"locations":[{"start":{"line":207,"column":2},"end":{"line":210,"column":3}}]},"5":{"type":"branch","line":227,"loc":{"start":{"line":227,"column":7},"end":{"line":230,"column":1}},"locations":[{"start":{"line":227,"column":7},"end":{"line":230,"column":1}}]},"6":{"type":"branch","line":241,"loc":{"start":{"line":241,"column":7},"end":{"line":257,"column":1}},"locations":[{"start":{"line":241,"column":7},"end":{"line":257,"column":1}}]},"7":{"type":"branch","line":242,"loc":{"start":{"line":242,"column":68},"end":{"line":244,"column":3}},"locations":[{"start":{"line":242,"column":68},"end":{"line":244,"column":3}}]},"8":{"type":"branch","line":246,"loc":{"start":{"line":246,"column":43},"end":{"line":248,"column":3}},"locations":[{"start":{"line":246,"column":43},"end":{"line":248,"column":3}}]},"9":{"type":"branch","line":248,"loc":{"start":{"line":248,"column":2},"end":{"line":252,"column":44}},"locations":[{"start":{"line":248,"column":2},"end":{"line":252,"column":44}}]},"10":{"type":"branch","line":252,"loc":{"start":{"line":252,"column":44},"end":{"line":254,"column":3}},"locations":[{"start":{"line":252,"column":44},"end":{"line":254,"column":3}}]},"11":{"type":"branch","line":254,"loc":{"start":{"line":254,"column":2},"end":{"line":257,"column":1}},"locations":[{"start":{"line":254,"column":2},"end":{"line":257,"column":1}}]},"12":{"type":"branch","line":269,"loc":{"start":{"line":269,"column":7},"end":{"line":272,"column":1}},"locations":[{"start":{"line":269,"column":7},"end":{"line":272,"column":1}}]},"13":{"type":"branch","line":270,"loc":{"start":{"line":270,"column":37},"end":{"line":270,"column":63}},"locations":[{"start":{"line":270,"column":37},"end":{"line":270,"column":63}}]},"14":{"type":"branch","line":280,"loc":{"start":{"line":280,"column":7},"end":{"line":283,"column":1}},"locations":[{"start":{"line":280,"column":7},"end":{"line":283,"column":1}}]},"15":{"type":"branch","line":281,"loc":{"start":{"line":281,"column":37},"end":{"line":281,"column":63}},"locations":[{"start":{"line":281,"column":37},"end":{"line":281,"column":63}}]},"16":{"type":"branch","line":299,"loc":{"start":{"line":299,"column":7},"end":{"line":588,"column":1}},"locations":[{"start":{"line":299,"column":7},"end":{"line":588,"column":1}}]},"17":{"type":"branch","line":304,"loc":{"start":{"line":304,"column":2},"end":{"line":312,"column":3}},"locations":[{"start":{"line":304,"column":2},"end":{"line":312,"column":3}}]},"18":{"type":"branch","line":309,"loc":{"start":{"line":309,"column":18},"end":{"line":309,"column":88}},"locations":[{"start":{"line":309,"column":18},"end":{"line":309,"column":88}}]},"19":{"type":"branch","line":311,"loc":{"start":{"line":311,"column":18},"end":{"line":311,"column":72}},"locations":[{"start":{"line":311,"column":18},"end":{"line":311,"column":72}}]},"20":{"type":"branch","line":334,"loc":{"start":{"line":334,"column":2},"end":{"line":418,"column":3}},"locations":[{"start":{"line":334,"column":2},"end":{"line":418,"column":3}}]},"21":{"type":"branch","line":349,"loc":{"start":{"line":349,"column":22},"end":{"line":351,"column":5}},"locations":[{"start":{"line":349,"column":22},"end":{"line":351,"column":5}}]},"22":{"type":"branch","line":353,"loc":{"start":{"line":353,"column":27},"end":{"line":353,"column":56}},"locations":[{"start":{"line":353,"column":27},"end":{"line":353,"column":56}}]},"23":{"type":"branch","line":355,"loc":{"start":{"line":355,"column":37},"end":{"line":355,"column":61}},"locations":[{"start":{"line":355,"column":37},"end":{"line":355,"column":61}}]},"24":{"type":"branch","line":380,"loc":{"start":{"line":380,"column":8},"end":{"line":380,"column":43}},"locations":[{"start":{"line":380,"column":8},"end":{"line":380,"column":43}}]},"25":{"type":"branch","line":380,"loc":{"start":{"line":380,"column":43},"end":{"line":384,"column":5}},"locations":[{"start":{"line":380,"column":43},"end":{"line":384,"column":5}}]},"26":{"type":"branch","line":381,"loc":{"start":{"line":381,"column":40},"end":{"line":383,"column":7}},"locations":[{"start":{"line":381,"column":40},"end":{"line":383,"column":7}}]},"27":{"type":"branch","line":387,"loc":{"start":{"line":387,"column":26},"end":{"line":389,"column":5}},"locations":[{"start":{"line":387,"column":26},"end":{"line":389,"column":5}}]},"28":{"type":"branch","line":392,"loc":{"start":{"line":392,"column":34},"end":{"line":396,"column":5}},"locations":[{"start":{"line":392,"column":34},"end":{"line":396,"column":5}}]},"29":{"type":"branch","line":393,"loc":{"start":{"line":393,"column":75},"end":{"line":395,"column":7}},"locations":[{"start":{"line":393,"column":75},"end":{"line":395,"column":7}}]},"30":{"type":"branch","line":413,"loc":{"start":{"line":413,"column":8},"end":{"line":413,"column":43}},"locations":[{"start":{"line":413,"column":8},"end":{"line":413,"column":43}}]},"31":{"type":"branch","line":413,"loc":{"start":{"line":413,"column":43},"end":{"line":415,"column":5}},"locations":[{"start":{"line":413,"column":43},"end":{"line":415,"column":5}}]},"32":{"type":"branch","line":435,"loc":{"start":{"line":435,"column":2},"end":{"line":476,"column":3}},"locations":[{"start":{"line":435,"column":2},"end":{"line":476,"column":3}}]},"33":{"type":"branch","line":440,"loc":{"start":{"line":440,"column":22},"end":{"line":445,"column":5}},"locations":[{"start":{"line":440,"column":22},"end":{"line":445,"column":5}}]},"34":{"type":"branch","line":443,"loc":{"start":{"line":443,"column":15},"end":{"line":443,"column":47}},"locations":[{"start":{"line":443,"column":15},"end":{"line":443,"column":47}}]},"35":{"type":"branch","line":445,"loc":{"start":{"line":445,"column":4},"end":{"line":448,"column":53}},"locations":[{"start":{"line":445,"column":4},"end":{"line":448,"column":53}}]},"36":{"type":"branch","line":448,"loc":{"start":{"line":448,"column":53},"end":{"line":450,"column":5}},"locations":[{"start":{"line":448,"column":53},"end":{"line":450,"column":5}}]},"37":{"type":"branch","line":450,"loc":{"start":{"line":450,"column":4},"end":{"line":453,"column":40}},"locations":[{"start":{"line":450,"column":4},"end":{"line":453,"column":40}}]},"38":{"type":"branch","line":453,"loc":{"start":{"line":453,"column":40},"end":{"line":455,"column":5}},"locations":[{"start":{"line":453,"column":40},"end":{"line":455,"column":5}}]},"39":{"type":"branch","line":455,"loc":{"start":{"line":455,"column":4},"end":{"line":470,"column":46}},"locations":[{"start":{"line":455,"column":4},"end":{"line":470,"column":46}}]},"40":{"type":"branch","line":470,"loc":{"start":{"line":470,"column":34},"end":{"line":470,"column":49}},"locations":[{"start":{"line":470,"column":34},"end":{"line":470,"column":49}}]},"41":{"type":"branch","line":471,"loc":{"start":{"line":471,"column":23},"end":{"line":473,"column":5}},"locations":[{"start":{"line":471,"column":23},"end":{"line":473,"column":5}}]},"42":{"type":"branch","line":473,"loc":{"start":{"line":473,"column":4},"end":{"line":475,"column":46}},"locations":[{"start":{"line":473,"column":4},"end":{"line":475,"column":46}}]},"43":{"type":"branch","line":485,"loc":{"start":{"line":485,"column":2},"end":{"line":513,"column":3}},"locations":[{"start":{"line":485,"column":2},"end":{"line":513,"column":3}}]},"44":{"type":"branch","line":503,"loc":{"start":{"line":503,"column":34},"end":{"line":505,"column":5}},"locations":[{"start":{"line":503,"column":34},"end":{"line":505,"column":5}}]},"45":{"type":"branch","line":508,"loc":{"start":{"line":508,"column":26},"end":{"line":510,"column":5}},"locations":[{"start":{"line":508,"column":26},"end":{"line":510,"column":5}}]},"46":{"type":"branch","line":523,"loc":{"start":{"line":523,"column":2},"end":{"line":553,"column":3}},"locations":[{"start":{"line":523,"column":2},"end":{"line":553,"column":3}}]},"47":{"type":"branch","line":543,"loc":{"start":{"line":543,"column":16},"end":{"line":543,"column":53}},"locations":[{"start":{"line":543,"column":16},"end":{"line":543,"column":53}}]},"48":{"type":"branch","line":543,"loc":{"start":{"line":543,"column":53},"end":{"line":545,"column":5}},"locations":[{"start":{"line":543,"column":53},"end":{"line":545,"column":5}}]},"49":{"type":"branch","line":548,"loc":{"start":{"line":548,"column":26},"end":{"line":550,"column":5}},"locations":[{"start":{"line":548,"column":26},"end":{"line":550,"column":5}}]},"50":{"type":"branch","line":562,"loc":{"start":{"line":562,"column":2},"end":{"line":587,"column":3}},"locations":[{"start":{"line":562,"column":2},"end":{"line":587,"column":3}}]},"51":{"type":"branch","line":574,"loc":{"start":{"line":574,"column":22},"end":{"line":583,"column":5}},"locations":[{"start":{"line":574,"column":22},"end":{"line":583,"column":5}}]},"52":{"type":"branch","line":578,"loc":{"start":{"line":578,"column":6},"end":{"line":583,"column":5}},"locations":[{"start":{"line":578,"column":6},"end":{"line":583,"column":5}}]},"53":{"type":"branch","line":583,"loc":{"start":{"line":583,"column":4},"end":{"line":586,"column":49}},"locations":[{"start":{"line":583,"column":4},"end":{"line":586,"column":49}}]},"54":{"type":"branch","line":597,"loc":{"start":{"line":597,"column":7},"end":{"line":617,"column":1}},"locations":[{"start":{"line":597,"column":7},"end":{"line":617,"column":1}}]},"55":{"type":"branch","line":626,"loc":{"start":{"line":626,"column":7},"end":{"line":658,"column":1}},"locations":[{"start":{"line":626,"column":7},"end":{"line":658,"column":1}}]},"56":{"type":"branch","line":632,"loc":{"start":{"line":632,"column":13},"end":{"line":643,"column":3}},"locations":[{"start":{"line":632,"column":13},"end":{"line":643,"column":3}}]},"57":{"type":"branch","line":635,"loc":{"start":{"line":635,"column":31},"end":{"line":635,"column":39}},"locations":[{"start":{"line":635,"column":31},"end":{"line":635,"column":39}}]},"58":{"type":"branch","line":643,"loc":{"start":{"line":643,"column":2},"end":{"line":649,"column":13}},"locations":[{"start":{"line":643,"column":2},"end":{"line":649,"column":13}}]},"59":{"type":"branch","line":649,"loc":{"start":{"line":649,"column":13},"end":{"line":651,"column":3}},"locations":[{"start":{"line":649,"column":13},"end":{"line":651,"column":3}}]},"60":{"type":"branch","line":651,"loc":{"start":{"line":651,"column":2},"end":{"line":653,"column":14}},"locations":[{"start":{"line":651,"column":2},"end":{"line":653,"column":14}}]},"61":{"type":"branch","line":653,"loc":{"start":{"line":653,"column":14},"end":{"line":655,"column":3}},"locations":[{"start":{"line":653,"column":14},"end":{"line":655,"column":3}}]},"62":{"type":"branch","line":655,"loc":{"start":{"line":655,"column":2},"end":{"line":658,"column":1}},"locations":[{"start":{"line":655,"column":2},"end":{"line":658,"column":1}}]},"63":{"type":"branch","line":700,"loc":{"start":{"line":700,"column":7},"end":{"line":766,"column":1}},"locations":[{"start":{"line":700,"column":7},"end":{"line":766,"column":1}}]}},"b":{"0":[11],"1":[2],"2":[0],"3":[2],"4":[1],"5":[30],"6":[13],"7":[0],"8":[3],"9":[10],"10":[345],"11":[10],"12":[31],"13":[0],"14":[31],"15":[0],"16":[32],"17":[32],"18":[31],"19":[31],"20":[30],"21":[0],"22":[29],"23":[28],"24":[3],"25":[3],"26":[4],"27":[1],"28":[1],"29":[3],"30":[3],"31":[3],"32":[9],"33":[2],"34":[0],"35":[7],"36":[2],"37":[5],"38":[1],"39":[4],"40":[2],"41":[2],"42":[4],"43":[6],"44":[5],"45":[2],"46":[6],"47":[1],"48":[1],"49":[1],"50":[12],"51":[2],"52":[0],"53":[10],"54":[10],"55":[9],"56":[2],"57":[0],"58":[7],"59":[2],"60":[5],"61":[2],"62":[3],"63":[0]},"fnMap":{"0":{"name":"OAuthError","decl":{"start":{"line":172,"column":2},"end":{"line":182,"column":3}},"loc":{"start":{"line":172,"column":2},"end":{"line":182,"column":3}},"line":172},"1":{"name":"fromTokenError","decl":{"start":{"line":184,"column":9},"end":{"line":190,"column":3}},"loc":{"start":{"line":184,"column":9},"end":{"line":190,"column":3}},"line":184},"2":{"name":"StateValidationError","decl":{"start":{"line":197,"column":2},"end":{"line":200,"column":3}},"loc":{"start":{"line":197,"column":2},"end":{"line":200,"column":3}},"line":197},"3":{"name":"SessionExpiredError","decl":{"start":{"line":207,"column":2},"end":{"line":210,"column":3}},"loc":{"start":{"line":207,"column":2},"end":{"line":210,"column":3}},"line":207}
[...]
locations":[{"start":{"line":386,"column":16},"end":{"line":389,"column":5}}]},"31":{"type":"branch","line":395,"loc":{"start":{"line":395,"column":2},"end":{"line":400,"column":3}},"locations":[{"start":{"line":395,"column":2},"end":{"line":400,"column":3}}]},"32":{"type":"branch","line":396,"loc":{"start":{"line":396,"column":52},"end":{"line":399,"column":5}},"locations":[{"start":{"line":396,"column":52},"end":{"line":399,"column":5}}]},"33":{"type":"branch","line":405,"loc":{"start":{"line":405,"column":2},"end":{"line":407,"column":3}},"locations":[{"start":{"line":405,"column":2},"end":{"line":407,"column":3}}]},"34":{"type":"branch","line":412,"loc":{"start":{"line":412,"column":2},"end":{"line":415,"column":3}},"locations":[{"start":{"line":412,"column":2},"end":{"line":415,"column":3}}]},"35":{"type":"branch","line":414,"loc":{"start":{"line":414,"column":22},"end":{"line":414,"column":51}},"locations":[{"start":{"line":414,"column":22},"end":{"line":414,"column":51}}]},"36":{"type":"branch","line":421,"loc":{"start":{"line":421,"column":10},"end":{"line":435,"column":3}},"locations":[{"start":{"line":421,"column":10},"end":{"line":435,"column":3}}]},"37":{"type":"branch","line":423,"loc":{"start":{"line":423,"column":27},"end":{"line":425,"column":5}},"locations":[{"start":{"line":423,"column":27},"end":{"line":425,"column":5}}]},"38":{"type":"branch","line":430,"loc":{"start":{"line":430,"column":25},"end":{"line":432,"column":5}},"locations":[{"start":{"line":430,"column":25},"end":{"line":432,"column":5}}]},"39":{"type":"branch","line":440,"loc":{"start":{"line":440,"column":10},"end":{"line":447,"column":3}},"locations":[{"start":{"line":440,"column":10},"end":{"line":447,"column":3}}]},"40":{"type":"branch","line":441,"loc":{"start":{"line":441,"column":32},"end":{"line":446,"column":5}},"locations":[{"start":{"line":441,"column":32},"end":{"line":446,"column":5}}]},"41":{"type":"branch","line":468,"loc":{"start":{"line":468,"column":7},"end":{"line":490,"column":1}},"locations":[{"start":{"line":468,"column":7},"end":{"line":490,"column":1}}]}},"b":{"0":[9],"1":[9],"2":[0],"3":[0],"4":[0],"5":[9],"6":[14],"7":[12],"8":[0],"9":[6],"10":[0],"11":[0],"12":[12],"13":[0],"14":[0],"15":[12],"16":[0],"17":[15],"18":[0],"19":[101],"20":[101],"21":[91],"22":[2],"23":[9],"24":[9],"25":[12],"26":[0],"27":[2],"28":[0],"29":[9],"30":[0],"31":[101],"32":[6],"33":[1],"34":[5],"35":[2],"36":[2],"37":[0],"38":[0],"39":[2],"40":[0],"41":[0]},"fnMap":{"0":{"name":"<instance_members_initializer>","decl":{"start":{"line":43,"column":7},"end":{"line":284,"column":1}},"loc":{"start":{"line":43,"column":7},"end":{"line":284,"column":1}},"line":43},"1":{"name":"SSEStream","decl":{"start":{"line":52,"column":2},"end":{"line":83,"column":3}},"loc":{"start":{"line":52,"column":2},"end":{"line":83,"column":3}},"line":52},"2":{"name":"get isActive","decl":{"start":{"line":88,"column":2},"end":{"line":90,"column":3}},"loc":{"start":{"line":88,"column":2},"end":{"line":90,"column":3}},"line":88},"3":{"name":"get currentSequence","decl":{"start":{"line":95,"column":2},"end":{"line":97,"column":3}},"loc":{"start":{"line":95,"column":2},"end":{"line":97,"column":3}},"line":95},"4":{"name":"getSessionId","decl":{"start":{"line":102,"column":2},"end":{"line":104,"column":3}},"loc":{"start":{"line":102,"column":2},"end":{"line":104,"column":3}},"line":102},"5":{"name":"getBuffer","decl":{"start":{"line":109,"column":2},"end":{"line":111,"column":3}},"loc":{"start":{"line":109,"column":2},"end":{"line":111,"column":3}},"line":109},"6":{"name":"send","decl":{"start":{"line":116,"column":2},"end":{"line":135,"column":3}},"loc":{"start":{"line":116,"column":2},"end":{"line":135,"column":3}},"line":116},"7":{"name":"sendWithType","decl":{"start":{"line":140,"column":2},"end":{"line":160,"column":3}},"loc":{"start":{"line":140,"column":2},"end":{"line":160,"column":3}},"line":140},"8":{"name":"sendComment","decl":{"start":{"line":165,"column":2},"end":{"line":176,"column":3}},"loc":{"start":{"line":165,"column":2},"end":{"line":176,"column":3}},"line":165},"9":{"name":"replayEvent","decl":{"start":{"line":182,"column":2},"end":{"line":198,"column":3}},"loc":{"start":{"line":182,"column":2},"end":{"line":198,"column":3}},"line":182},"10":{"name":"parseEventIdSequence","decl":{"start":{"line":203,"column":10},"end":{"line":213,"column":3}},"loc":{"start":{"line":203,"column":10},"end":{"line":213,"column":3}},"line":203},"11":{"name":"close","decl":{"start":{"line":218,"column":2},"end":{"line":231,"column":3}},"loc":{"start":{"line":218,"column":2},"end":{"line":231,"column":3}},"line":218},"12":{"name":"writeEvent","decl":{"start":{"line":236,"column":10},"end":{"line":261,"column":3}},"loc":{"start":{"line":236,"column":10},"end":{"line":261,"column":3}},"line":236},"13":{"name":"addToBuffer","decl":{"start":{"line":266,"column":10},"end":{"line":273,"column":3}},"loc":{"start":{"line":266,"column":10},"end":{"line":273,"column":3}},"line":266},"14":{"name":"stopKeepAlive","decl":{"start":{"line":278,"column":10},"end":{"line":283,"column":3}},"loc":{"start":{"line":278,"column":10},"end":{"line":283,"column":3}},"line":278},"15":{"name":"<instance_members_initializer>","decl":{"start":{"line":293,"column":7},"end":{"line":448,"column":1}},"loc":{"start":{"line":293,"column":7},"end":{"line":448,"column":1}},"line":293},"16":{"name":"SSEManager","decl":{"start":{"line":298,"column":2},"end":{"line":301,"column":3}},"loc":{"start":{"line":298,"column":2},"end":{"line":301,"column":3}},"line":298},"17":{"name":"createStream","decl":{"start":{"line":306,"column":2},"end":{"line":323,"column":3}},"loc":{"start":{"line":306,"column":2},"end":{"line":323,"column":3}},"line":306},"18":{"name":"getStream","decl":{"start":{"line":328,"column":2},"end":{"line":330,"column":3}},"loc":{"start":{"line":328,"column":2},"end":{"line":330,"column":3}},"line":328},"19":{"name":"sendEvent","decl":{"start":{"line":335,"column":2},"end":{"line":343,"column":3}},"loc":{"start":{"line":335,"column":2},"end":{"line":343,"column":3}},"line":335},"20":{"name":"sendEventWithType","decl":{"start":{"line":348,"column":2},"end":{"line":356,"column":3}},"loc":{"start":{"line":348,"column":2},"end":{"line":356,"column":3}},"line":348},"21":{"name":"handleReconnect","decl":{"start":{"line":362,"column":2},"end":{"line":379,"column":3}},"loc":{"start":{"line":362,"column":2},"end":{"line":379,"column":3}},"line":362},"22":{"name":"closeStream","decl":{"start":{"line":384,"column":2},"end":{"line":390,"column":3}},"loc":{"start":{"line":384,"column":2},"end":{"line":390,"column":3}},"line":384},"23":{"name":"closeAll","decl":{"start":{"line":395,"column":2},"end":{"line":400,"column":3}},"loc":{"start":{"line":395,"column":2},"end":{"line":400,"column":3}},"line":395},"24":{"name":"get size","decl":{"start":{"line":405,"column":2},"end":{"line":407,"column":3}},"loc":{"start":{"line":405,"column":2},"end":{"line":407,"column":3}},"line":405},"25":{"name":"hasStream","decl":{"start":{"line":412,"column":2},"end":{"line":415,"column":3}},"loc":{"start":{"line":412,"column":2},"end":{"line":415,"column":3}},"line":412},"26":{"name":"parseEventIdSequence","decl":{"start":{"line":421,"column":10},"end":{"line":435,"column":3}},"loc":{"start":{"line":421,"column":10},"end":{"line":435,"column":3}},"line":421},"27":{"name":"replayEvents","decl":{"start":{"line":440,"column":10},"end":{"line":447,"column":3}},"loc":{"start":{"line":440,"column":10},"end":{"line":447,"column":3}},"line":440},"28":{"name":"<instance_members_initializer>","decl":{"start":{"line":468,"column":7},"end":{"line":490,"column":1}},"loc":{"start":{"line":468,"column":7},"end":{"line":490,"column":1}},"line":468}},"f":{"0":9,"1":9,"2":14,"3":0,"4":0,"5":0,"6":12,"7":0,"8":0,"9":0,"10":0,"11":6,"12":12,"13":12,"14":15,"15":101,"16":101,"17":9,"18":0,"19":12,"20":0,"21":2,"22":9,"23":101,"24":1,"25":5,"26":2,"27":2,"28":0}}
,"/Users/chiefbuilder/Documents/Projects/MCP_11252025_Reference/src/transport/stdio.ts": {"path":"/Users/chiefbuilder/Documents/Projects/MCP_11252025_Reference/src/transport/stdio.ts","all":true,"statementMap":{"0":{"start":{"line":1,"column":0},"end":{"line":1,"column":3}},"38":{"start":{"line":39,"column":0},"end":{"line":39,"column":21}},"39":{"start":{"line":40,"column":0},"end":{"line":40,"column":33}},"66":{"start":{"line":67,"column":0},"end":{"line":67,"column":29}},"67":{"start":{"line":68,"column":0},"end":{"line":68,"column":48}},"68":{"start":{"line":69,"column":0},"end":{"line":69,"column":49}},"69":{"start":{"line":70,"column":0},"end":{"line":70,"column":49}},"70":{"start":{"line":71,"column":0},"end":{"line":71,"column":66}},"72":{"start":{"line":73,"column":0},"end":{"line":73,"column":30}},"73":{"start":{"line":74,"column":0},"end":{"line":74,"column":35}},"74":{"start":{"line":75,"column":0},"end":{"line":75,"column":34}},"77":{"start":{"line":78,"column":0},"end":{"line":78,"column":55}},"78":{"start":{"line":79,"column":0},"end":{"line":79,"column":53}},"79":{"start":{"line":80,"column":0},"end":{"line":80,"column":53}},"82":{"start":{"line":83,"column":0},"end":{"line":83,"column":65}},"83":{"start":{"line":84,"column":0},"end":{"line":84,"column":42}},"84":{"start":{"line":85,"column":0},"end":{"line":85,"column":56}},"85":{"start":{"line":86,"column":0},"end":{"line":86,"column":46}},"86":{"start":{"line":87,"column":0},"end":{"line":87,"column":45}},"88":{"start":{"line":89,"column":0},"end":{"line":89,"column":48}},"89":{"start":{"line":90,"column":0},"end":{"line":90,"column":49}},"90":{"start":{"line":91,"column":0},"end":{"line":91,"column":52}},"91":{"start":{"line":92,"column":0},"end":{"line":92,"column":52}},"92":{"start":{"line":93,"column":0},"end":{"line":93,"column":54}},"95":{"start":{"line":96,"column":0},"end":{"line":96,"column":50}},"96":{"start":{"line":97,"column":0},"end":{"line":97,"column":48}},"97":{"start":{"line":98,"column":0},"end":{"line":98,"column":52}},"98":{"start":{"line":99,"column":0},"end":{"line":99,"column":66}},"99":{"start":{"line":100,"column":0},"end":{"line":100,"column":64}},"100":{"start":{"line":101,"column":0},"end":{"line":101,"column":3}},"110":{"start":{"line":111,"column":0},"end":{"line":111,"column":17}},"111":{"start":{"line":112,"column":0},"end":{"line":112,"column":23}},"112":{"start":{"line":113,"column":0},"end":{"line":113,"column":13}},"113":{"start":{"line":114,"column":0},"end":{"line":114,"column":5}},"115":{"start":{"line":116,"column":0},"end":{"line":116,"column":22}},"116":{"start":{"line":117,"column":0},"end":{"line":117,"column":57}},"117":{"start":{"line":118,"column":0},"end":{"line":118,"column":5}},"119":{"start":{"line":120,"column":0},"end":{"line":120,"column":24}},"122":{"start":{"line":123,"column":0},"end":{"line":123,"column":86}},"123":{"start":{"line":124,"column":0},"end":{"line":124,"column":39}},"124":{"start":{"line":125,"column":0},"end":{"line":125,"column":5}},"127":{"start":{"line":128,"column":0},"end":{"line":128,"column":44}},"128":{"start":{"line":129,"column":0},"end":{"line":129,"column":42}},"129":{"start":{"line":130,"column":0},"end":{"line":130,"column":46}},"132":{"start":{"line":133,"column":0},"end":{"line":133,"column":47}},"133":{"start":{"line":134,"column":0},"end":{"line":134,"column":45}},"134":{"start":{"line":135,"column":0},"end":{"line":135,"column":3}},"143":{"start":{"line":144,"column":0},"end":{"line":144,"column":39}},"144":{"start":{"line":145,"column":0},"end":{"line":145,"column":22}},"145":{"start":{"line":146,"column":0},"end":{"line":146,"column":59}},"146":{"start":{"line":147,"column":0},"end":{"line":147,"column":5}},"148":{"start":{"line":149,"column":0},"end":{"line":149,"column":49}},"149":{"start":{"line":150,"column":0},"end":{"line":150,"column":38}},"152":{"start":{"line":153,"column":0},"end":{"line":153,"column":38}},"153":{"start":{"line":154,"column":0},"end":{"line":154,"column":3}},"160":{"start":{"line":161,"column":0},"end":{"line":161,"column":30}},"161":{"start":{"line":162,"column":0},"end":{"line":162,"column":22}},"162":{"start":{"line":163,"column":0},"end":{"line":163,"column":13}},"163":{"start":{"line":164,"column":0},"end":{"line":164,"column":5}},"165":{"start":{"line":166,"column":0},"end":{"line":166,"column":51}},"166":{"start":{"line":167,"column":0},"end":{"line":167,"column":3}},"174":{"start":{"line":175,"column":0},"end":{"line":175,"column":32}},"175":{"start":{"line":176,"column":0},"end":{"line":176,"column":22}},"176":{"start":{"line":177,"column":0},"end":{"line":177,"column":13}},"177":{"start":{"line":178,"column":0},"end":{"line":178,"column":5}},"179":{"start":{"line":180,"column":0},"end":{"line":180,"column":23}},"182":{"start":{"line":183,"column":0},"end":{"line":183,"column":32}},"183":{"start":{"line":184,"column":0},"end":{"line":184,"column":47}},"184":{"start":{"line":185,"column":0},"end":{"line":185,"column":5}},"187":{"start":{"line":188,"column":0},"end":{"line":188,"column":56}},"188":{"start":{"line":189,"column":0},"end":{"line":189,"column":54}},"189":{"start":{"line":190,"column":0},"end":{"line":190,"column":58}},"192":{"start":{"line":193,"column":0},"end":{"line":193,"column":59}},"193":{"start":{"line":194,"column":0},"end":{"line":194,"column":57}},"196":{"start":{"line":197,"column":0},"end":{"line":197,"column":36}},"199":{"start":{"line":200,"column":0},"end":{"line":200,"column":25}},"200":{"start":{"line":201,"column":0},"end":{"line":201,"column":3}},"205":{"start":{"line":206,"column":0},"end":{"line":206,"column":23}},"206":{"start":{"line":207,"column":0},"end":{"line":207,"column":23}},"207":{"start":{"line":208,"column":0},"end":{"line":208,"column":3}},"212":{"start":{"line":213,"column":0},"end":{"line":213,"column":24}},"213":{"start":{"line":214,"column":0},"end":{"line":214,"column":24}},"214":{"start":{"line":215,"column":0},"end":{"line":215,"column":3}},"223":{"start":{"line":224,"column":0},"end":{"line":224,"column":44}},"224":{"start":{"line":225,"column":0},"end":{"line":225,"column":47}},"225":{"start":{"line":226,"column":0},"end":{"line":226,"column":3}},"230":{"start":{"line":231,"column":0},"end":{"line":231,"column":45}},"231":{"start":{"line":232,"column":0},"end":{"line":232,"column":48}},"232":{"start":{"line":233,"column":0},"end":{"line":233,"column":3}},"237":{"start":{"line":238,"column":0},"end":{"line":238,"column":40}},"238":{"start":{"line":239,"column":0},"end":{"line":239,"column":43}},"239":{"start":{"line":240,"column":0},"end":{"line":240,"column":3}},"244":{"start":{"line":245,"column":0},"end":{"line":245,"column":41}},"245":{"start":{"line":246,"column":0},"end":{"line":246,"column":44}},"246":{"start":{"line":247,"column":0},"end":{"line":247,"column":3}},"251":{"start":{"line":252,"column":0},"end":{"line":252,"column":40}},"252":{"start":{"line":253,"column":0},"end":{"line":253,"column":43}},"253":{"start":{"line":254,"column":0},"end":{"line":254,"column":3}},"258":{"start":{"line":259,"column":0},"end":{"line":259,"column":41}},"259":{"start":{"line":260,"column":0},"end":{"line":260,"column":44}},"260":{"start":{"line":261,"column":0},"end":{"line":261,"column":3}},"270":{"start":{"line":271,"column":0},"end":{"line":271,"column":52}},"271":{"start":{"line":272,"column":0},"end":{"line":272,"column":78}},"272":{"start":{"line":273,"column":0},"end":{"line":273,"column":24}},"273":{"start":{"line":274,"column":0},"end":{"line":274,"column":25}},"274":{"start":{"line":275,"column":0},"end":{"line":275,"column":3}},"279":{"start":{"line":280,"column":0},"end":{"line":280,"column":33}},"280":{"start":{"line":281,"column":0},"end":{"line":281,"column":29}},"282":{"start":{"line":283,"column":0},"end":{"line":283,"column":66}},"283":{"start":{"line":284,"column":0},"end":{"line":284,"column":58}},"284":{"start":{"line":285,"column":0},"end":{"line":285,"column":60}},"287":{"start":{"line":288,"column":0},"end":{"line":288,"column":37}},"288":{"start":{"line":289,"column":0},"end":{"line":289,"column":17}},"289":{"start":{"line":290,"column":0},"end":{"line":290,"column":7}},"291":{"start":{"line":292,"column":0},"end":{"line":292,"column":29}},"292":{"start":{"line":293,"column":0},"end":{"line":293,"column":5}},"293":{"start":{"line":294,"column":0},"end":{"line":294,"column":3}},"298":{"start":{"line":299,"column":0},"end":{"line":299,"column":43}},"299":{"start":{"line":300,"column":0},"end":{"line":300,"column":38}},"301":{"start":{"line":302,"column":0},"end":{"line":302,"column":26}},"303":{"start":{"line":304,"column":0},"end":{"line":304,"column":79}},"304":{"start":{"line":305,"column":0},"end":{"line":305,"column":45}},"305":{"start":{"line":306,"column":0},"end":{"line":306,"column":13}},"306":{"start":{"line":307,"column":0},"end":{"line":307,"column":5}},"309":{"start":{"line":310,"column":0},"end":{"line":310,"column":53}},"310":{"start":{"line":311,"column":0},"end":{"line":311,"column":3}},"315":{"start":{"line":316,"column":0},"end":{"line":316,"column":29}},"317":{"start":{"line":318,"column":0},"end":{"line":318,"column":40}},"318":{"start":{"line":319,"column":0},"end":{"line":319,"column":36}},"319":{"start":{"line":320,"column":0},"end":{"line":320,"column":23}},"320":{"start":{"line":321,"column":0},"end":{"line":321,"column":5}},"323":{"start":{"line":324,"column":0},"end":{"line":324,"column":22}},"324":{"start":{"line":325,"column":0},"end":{"line":325,"column":3}},"329":{"start":{"line":330,"column":0},"end":{"line":330,"column":43}},"330":{"start":{"line":331,"column":0},"end":{"line":331,"column":43}},"331":{"start":{"line":332,"column":0},"end":{"line":332,"column":3}},"336":{"start":{"line":337,"column":0},"end":{"line":337,"column":46}},"337":{"start":{"line":338,"column":0},"end":{"line":338,"column":68}},"338":{"start":{"line":339,"column":0},"end":{"line":339,"column":34}},"340":{"start":{"line":341,"column":0},"end":{"line":341,"column":22}},"341":{"start":{"line":342,"column":0},"end":{"line":342,"column":7}},"342":{"start":{"line":343,"column":0},"end":{"line":343,"column":3}},"343":{"start":{"line":344,"column":0},"end":{"line":344,"column":1}},"355":{"start":{"line":356,"column":0},"end":{"line":356,"column":87}},"356":{"start":{"line":357,"column":0},"end":{"line":357,"column":37}},"357":{"start":{"line":358,"column":0},"end":{"line":358,"column":1}}},"s":{"0":0,"38":0,"39":0,"66":0,"67":0,"68":0,"69":0,"70":0,"72":0,"73":0,"74":0,"77":0,"78":0,"79":0,"82":0,"83":0,"84":0,"85":0,"86":0,"88":0,"89":0,"90":0,"91":0,"92":0,"95":0,"96":0,"97":0,"98":0,"99":0,"100":0,"110":0,"111":0,"112":0,"113":0,"115":0,"116":0,"117":0,"119":0,"122":0,"123":0,"124":0,"127":0,"128":0,"129":0,"132":0,"133":0,"134":0,"143":0,"144":0,"145":0,"146":0,"148":0,"149":0,"152":0,"153":0,"160":0,"161":0,"162":0,"163":0,"165":0,"166":0,"174":0,"175":0,"176":0,"177":0,"179":0,"182":0,"183":0,"184":0,"187":0,"188":0,"189":0,"192":0,"193":0,"196":0,"199":0,"200":0,"205":0,"206":0,"207":0,"212":0,"213":0,"214":0,"223":0,"224":0,"225":0,"230":0,"231":0,"232":0,"237":0,"238":0,"239":0,"244":0,"245":0,"246":0,"251":0,"252":0,"253":0,"258":0,"259":0,"260":0,"270":0,"271":0,"272":0,"273":0,"274":0,"279":0,"280":0,"282":0,"283":0,"284":0,"287":0,"288":0,"289":0,"291":0,"292":0,"293":0,"298":0,"299":0,"301":0,"303":0,"304":0,"305":0,"306":0,"309":0,"310":0,"315":0,"317":0,"318":0,"319":0,"320":0,"323":0,"324":0,"329":0,"330":0,"331":0,"336":0,"337":0,"338":0,"340":0,"341":0,"342":0,"343":0,"355":0,"356":0,"357":0},"branchMap":{"0":{"type":"branch","line":1,"loc":{"start":{"line":1,"column":10055},"end":{"line":358,"column":1}},"locations":[{"start":{"line":1,"column":10055},"end":{"line":358,"column":1}}]}},"b":{"0":[0]},"fnMap":{"0":{"name":"(empty-report)","decl":{"start":{"line":1,"column":10055},"end":{"line":358,"column":1}},"loc":{"start":{"line":1,"column":10055},"end":{"line":358,"column":1}},"line":1}},"f":{"0":0}}
}
